  [1m[36mSQL (516.3ms)[0m  [1mSHOW TABLES[0m
  [1m[35mSQL (2537.4ms)[0m  CREATE TABLE `schema_migrations` (`version` varchar(255) NOT NULL) ENGINE=InnoDB
  [1m[36mSQL (251.1ms)[0m  [1mSHOW KEYS FROM `schema_migrations`[0m
  [1m[35mSQL (1733.3ms)[0m  CREATE UNIQUE INDEX `unique_schema_migrations` ON `schema_migrations` (`version`)
  [1m[36mSQL (67.0ms)[0m  [1mSHOW TABLES[0m
  [1m[35mSQL (1.3ms)[0m  SHOW TABLES
  [1m[36mSQL (4.1ms)[0m  [1mSHOW TABLES[0m
  [1m[35mSQL (662.5ms)[0m  SELECT `schema_migrations`.`version` FROM `schema_migrations`
  [1m[36mSQL (1.9ms)[0m  [1mSHOW TABLES[0m
  [1m[36mSQL (37.6ms)[0m  [1mSHOW TABLES[0m
  [1m[35mSQL (3.3ms)[0m  SHOW TABLES
  [1m[36mSQL (0.4ms)[0m  [1mSELECT `schema_migrations`.`version` FROM `schema_migrations`[0m
  [1m[36mSQL (17.9ms)[0m  [1mSHOW TABLES[0m
  [1m[35mSQL (3.1ms)[0m  SHOW TABLES
  [1m[36mSQL (0.8ms)[0m  [1mSHOW TABLES[0m
  [1m[35mSQL (3.3ms)[0m  SELECT `schema_migrations`.`version` FROM `schema_migrations`
  [1m[36mSQL (2.1ms)[0m  [1mSHOW TABLES[0m
  [1m[36mSQL (3.3ms)[0m  [1mSHOW TABLES[0m
  [1m[35mSQL (3.2ms)[0m  SHOW TABLES
  [1m[36mSQL (0.6ms)[0m  [1mSELECT `schema_migrations`.`version` FROM `schema_migrations`[0m
Migrating to InitTables (20110205154409)
  [1m[35mSQL (342.7ms)[0m  CREATE TABLE `comments` (`id` int(11) DEFAULT NULL auto_increment PRIMARY KEY, `name` varchar(255), `email` varchar(255), `website` varchar(255), `content` text, `admin` tinyint(1), `post_id` int(11), `created_at` datetime, `updated_at` datetime, `comment_type` varchar(255), `permalink` varchar(255), `user_ip` varchar(255), `user_agent` varchar(255), `referrer` varchar(255)) ENGINE=InnoDB
  [1m[36mSQL (345.9ms)[0m  [1mCREATE TABLE `drafts` (`id` int(11) DEFAULT NULL auto_increment PRIMARY KEY, `title` varchar(255), `content` text, `author` varchar(255), `created_at` datetime, `updated_at` datetime, `markdown` text) ENGINE=InnoDB[0m
  [1m[35mSQL (328.7ms)[0m  CREATE TABLE `posts` (`id` int(11) DEFAULT NULL auto_increment PRIMARY KEY, `title` varchar(255), `content` text, `commentable` tinyint(1), `created_at` datetime, `updated_at` datetime, `posted_at` datetime, `author` varchar(255), `markdown` text) ENGINE=InnoDB
  [1m[36mSQL (352.8ms)[0m  [1mCREATE TABLE `spams` (`id` int(11) DEFAULT NULL auto_increment PRIMARY KEY, `name` varchar(255), `email` varchar(255), `website` varchar(255), `content` text, `comment_type` varchar(255), `permalink` varchar(255), `user_ip` varchar(255), `user_agent` varchar(255), `referrer` varchar(255), `post_id` int(11), `created_at` datetime, `updated_at` datetime) ENGINE=InnoDB[0m
  [1m[35mSQL (185.2ms)[0m  CREATE TABLE `users` (`id` int(11) DEFAULT NULL auto_increment PRIMARY KEY, `name` varchar(255), `initials` varchar(255), `email` varchar(255), `created_at` datetime, `updated_at` datetime, `crypted_password` varchar(255), `persistence_token` varchar(255), `login_count` int(11), `failed_login_count` int(11), `last_request_at` datetime, `current_login_at` datetime, `last_login_at` datetime, `current_login_ip` varchar(255), `last_login_ip` varchar(255), `login` varchar(255)) ENGINE=InnoDB
  [1m[36mSQL (94.9ms)[0m  [1mINSERT INTO `schema_migrations` (`version`) VALUES ('20110205154409')[0m
  [1m[35mSQL (12.1ms)[0m  SHOW TABLES
  [1m[36mSQL (2.1ms)[0m  [1mSELECT `schema_migrations`.`version` FROM `schema_migrations`[0m
  [1m[35mSQL (5.3ms)[0m  SHOW TABLES
  [1m[36mSQL (3.5ms)[0m  [1mdescribe `comments`[0m
  [1m[35mSQL (50.5ms)[0m  SHOW KEYS FROM `comments`
  [1m[36mSQL (3.9ms)[0m  [1mdescribe `drafts`[0m
  [1m[35mSQL (1.1ms)[0m  SHOW KEYS FROM `drafts`
  [1m[36mSQL (2.2ms)[0m  [1mdescribe `posts`[0m
  [1m[35mSQL (1.2ms)[0m  SHOW KEYS FROM `posts`
  [1m[36mSQL (2.7ms)[0m  [1mdescribe `spams`[0m
  [1m[35mSQL (2.1ms)[0m  SHOW KEYS FROM `spams`
  [1m[36mSQL (11.4ms)[0m  [1mdescribe `users`[0m
  [1m[35mSQL (0.9ms)[0m  SHOW KEYS FROM `users`
  [1m[36mSQL (14.1ms)[0m  [1mSHOW TABLES[0m
  [1m[35mSQL (4.9ms)[0m  SHOW TABLES
  [1m[36mSQL (0.6ms)[0m  [1mSELECT `schema_migrations`.`version` FROM `schema_migrations`[0m
DEPRECATION WARNING: Base.named_scope has been deprecated, please use Base.scope instead. (called from /Users/alex/work/mygems/blogcast/app/models/user.rb:4)
DEPRECATION WARNING: Base.named_scope has been deprecated, please use Base.scope instead. (called from /Users/alex/work/mygems/blogcast/app/models/user.rb:4)
  [1m[35mSQL (61.3ms)[0m  BEGIN
  [1m[36mUser Load (322.3ms)[0m  [1mSELECT `users`.`id` FROM `users` WHERE (LOWER(`users`.`email`) = LOWER('admin@localhost.host')) LIMIT 1[0m
  [1m[35mUser Load (2.5ms)[0m  SELECT `users`.`id` FROM `users` WHERE (LOWER(`users`.`login`) = LOWER('admin')) LIMIT 1
  [1m[36mUser Load (6.4ms)[0m  [1mSELECT `users`.`id` FROM `users` WHERE (`users`.`persistence_token` = BINARY '10ca7461d9331fce35b28105358bfabc95f7473949959b0c6de61dca89b95e8a94e1ca1019042ce14ca9ec279e189ad50e63c005d39d35063c4f8a27fdf074c6') LIMIT 1[0m
  [1m[35mSQL (1.8ms)[0m  describe `users`
  [1m[36mAREL (40.5ms)[0m  [1mINSERT INTO `users` (`email`, `current_login_at`, `initials`, `failed_login_count`, `login`, `persistence_token`, `updated_at`, `current_login_ip`, `name`, `last_request_at`, `last_login_at`, `last_login_ip`, `created_at`, `login_count`, `crypted_password`) VALUES ('admin@localhost.host', NULL, 'a.d.min', NULL, 'admin', '10ca7461d9331fce35b28105358bfabc95f7473949959b0c6de61dca89b95e8a94e1ca1019042ce14ca9ec279e189ad50e63c005d39d35063c4f8a27fdf074c6', '2011-02-05 15:46:02', NULL, 'admin', NULL, NULL, NULL, '2011-02-05 15:46:02', NULL, '9afc558fa658d953382680b18c2b819331e4da53b99e5f1522051869a4157f98b7698271ee0be200a94edd5556ea09526e5dc33adc40e4ab8118d1b137e43eb3')[0m
  [1m[35mSQL (4.0ms)[0m  COMMIT


Started GET "/" for 127.0.0.1 at Sat Feb 05 23:51:35 +0800 2011
  Processing by PostsController#index as HTML
  [1m[36mPost Load (30.2ms)[0m  [1mSELECT title, author, id, content, posted_at FROM `posts` ORDER BY posted_at DESC LIMIT 15[0m
DEPRECATION WARNING: Base.named_scope has been deprecated, please use Base.scope instead. (called from /Users/alex/work/mygems/blogcast/app/models/user.rb:4)
DEPRECATION WARNING: Base.named_scope has been deprecated, please use Base.scope instead. (called from /Users/alex/work/mygems/blogcast/app/models/user.rb:4)
Rendered layouts/_sidebar.html.erb (1.1ms)
Rendered posts/index.html.erb within layouts/application (105.2ms)
Completed 200 OK in 424ms (Views: 120.6ms | ActiveRecord: 30.2ms)


Started GET "/admin" for 127.0.0.1 at Sat Feb 05 23:52:32 +0800 2011
  Processing by UserSessionsController#new as HTML
DEPRECATION WARNING: Base.named_scope has been deprecated, please use Base.scope instead. (called from /Users/alex/work/mygems/blogcast/app/models/user.rb:4)
DEPRECATION WARNING: Base.named_scope has been deprecated, please use Base.scope instead. (called from /Users/alex/work/mygems/blogcast/app/models/user.rb:4)
Rendered user_sessions/new.html.erb (5.2ms)
Completed 200 OK in 56ms (Views: 9.2ms | ActiveRecord: 0.0ms)


Started POST "/user_sessions" for 127.0.0.1 at Sat Feb 05 23:52:37 +0800 2011
  Processing by UserSessionsController#create as HTML
  Parameters: {"commit"=>"Login", "user_session"=>{"password"=>"[FILTERED]", "login"=>"admin"}, "authenticity_token"=>"jp8HDced8qVwiEKLC7BbAJHIA1iqgpV7C7DCAVkz+VU=", "utf8"=>"✓"}
DEPRECATION WARNING: Base.named_scope has been deprecated, please use Base.scope instead. (called from /Users/alex/work/mygems/blogcast/app/models/user.rb:4)
DEPRECATION WARNING: Base.named_scope has been deprecated, please use Base.scope instead. (called from /Users/alex/work/mygems/blogcast/app/models/user.rb:4)
  [1m[35mSQL (7.8ms)[0m  SHOW TABLES
  [1m[36mUser Load (55.5ms)[0m  [1mSELECT `users`.* FROM `users` WHERE (`users`.`login` = 'admin') LIMIT 1[0m
  [1m[35mSQL (2.6ms)[0m  BEGIN
DEPRECATION WARNING: save(false) is deprecated, please give save(:validate => false) instead. (called from create at /Users/alex/work/mygems/blogcast/app/controllers/user_sessions_controller.rb:13)
  [1m[36mAREL (306.6ms)[0m  [1mUPDATE `users` SET `last_request_at` = '2011-02-05 15:52:38', `login_count` = 1, `failed_login_count` = 0, `current_login_at` = '2011-02-05 15:52:38', `updated_at` = '2011-02-05 15:52:38', `current_login_ip` = '127.0.0.1' WHERE (`users`.`id` = 1)[0m
  [1m[35mSQL (68.0ms)[0m  COMMIT
Redirected to http://localhost:3100/
Completed 302 Found in 660ms


Started GET "/" for 127.0.0.1 at Sat Feb 05 23:52:38 +0800 2011
  Processing by PostsController#index as HTML
  [1m[36mPost Load (2.7ms)[0m  [1mSELECT title, author, id, content, posted_at FROM `posts` ORDER BY posted_at DESC LIMIT 15[0m
DEPRECATION WARNING: Base.named_scope has been deprecated, please use Base.scope instead. (called from /Users/alex/work/mygems/blogcast/app/models/user.rb:4)
DEPRECATION WARNING: Base.named_scope has been deprecated, please use Base.scope instead. (called from /Users/alex/work/mygems/blogcast/app/models/user.rb:4)
  [1m[35mUser Load (36.3ms)[0m  SELECT `users`.* FROM `users` WHERE (`users`.`id` = 1) LIMIT 1
  [1m[36mCACHE (0.0ms)[0m  [1mSELECT `users`.* FROM `users` WHERE (`users`.`id` = 1) LIMIT 1[0m
  [1m[35mSQL (0.2ms)[0m  BEGIN
DEPRECATION WARNING: save(false) is deprecated, please give save(:validate => false) instead. (called from current_user_session at /Users/alex/work/mygems/blogcast/app/controllers/application_controller.rb:38)
  [1m[36mAREL (0.3ms)[0m  [1mUPDATE `users` SET `updated_at` = '2011-02-05 15:52:38', `last_request_at` = '2011-02-05 15:52:38' WHERE (`users`.`id` = 1)[0m
  [1m[35mSQL (25.8ms)[0m  COMMIT
Rendered layouts/_sidebar.html.erb (1.0ms)
Rendered posts/index.html.erb within layouts/application (316.6ms)
Completed 200 OK in 349ms (Views: 264.6ms | ActiveRecord: 505.6ms)


Started GET "/users" for 127.0.0.1 at Sat Feb 05 23:52:46 +0800 2011
  Processing by UsersController#index as HTML
DEPRECATION WARNING: Base.named_scope has been deprecated, please use Base.scope instead. (called from /Users/alex/work/mygems/blogcast/app/models/user.rb:4)
DEPRECATION WARNING: Base.named_scope has been deprecated, please use Base.scope instead. (called from /Users/alex/work/mygems/blogcast/app/models/user.rb:4)
  [1m[36mUser Load (3.8ms)[0m  [1mSELECT `users`.* FROM `users` WHERE (`users`.`id` = 1) LIMIT 1[0m
  [1m[35mCACHE (0.0ms)[0m  SELECT `users`.* FROM `users` WHERE (`users`.`id` = 1) LIMIT 1
  [1m[36mSQL (5.2ms)[0m  [1mBEGIN[0m
DEPRECATION WARNING: save(false) is deprecated, please give save(:validate => false) instead. (called from current_user_session at /Users/alex/work/mygems/blogcast/app/controllers/application_controller.rb:38)
  [1m[35mAREL (0.3ms)[0m  UPDATE `users` SET `last_request_at` = '2011-02-05 15:52:47', `updated_at` = '2011-02-05 15:52:47' WHERE (`users`.`id` = 1)
  [1m[36mSQL (14.8ms)[0m  [1mCOMMIT[0m
  [1m[35mUser Load (0.3ms)[0m  SELECT `users`.* FROM `users`
Rendered users/index.html.erb within layouts/application (8.0ms)
Completed 200 OK in 98ms (Views: 15.9ms | ActiveRecord: 24.3ms)


Started GET "/posts/new" for 127.0.0.1 at Sat Feb 05 23:52:52 +0800 2011
  Processing by PostsController#new as HTML
DEPRECATION WARNING: Base.named_scope has been deprecated, please use Base.scope instead. (called from /Users/alex/work/mygems/blogcast/app/models/user.rb:4)
DEPRECATION WARNING: Base.named_scope has been deprecated, please use Base.scope instead. (called from /Users/alex/work/mygems/blogcast/app/models/user.rb:4)
  [1m[36mUser Load (2.2ms)[0m  [1mSELECT `users`.* FROM `users` WHERE (`users`.`id` = 1) LIMIT 1[0m
  [1m[35mCACHE (0.0ms)[0m  SELECT `users`.* FROM `users` WHERE (`users`.`id` = 1) LIMIT 1
  [1m[36mSQL (0.1ms)[0m  [1mBEGIN[0m
DEPRECATION WARNING: save(false) is deprecated, please give save(:validate => false) instead. (called from current_user_session at /Users/alex/work/mygems/blogcast/app/controllers/application_controller.rb:38)
  [1m[35mAREL (0.3ms)[0m  UPDATE `users` SET `last_request_at` = '2011-02-05 15:52:52', `updated_at` = '2011-02-05 15:52:52' WHERE (`users`.`id` = 1)
  [1m[36mSQL (1.2ms)[0m  [1mCOMMIT[0m
Rendered posts/new.html.erb within layouts/application (12.5ms)
Completed 200 OK in 258ms (Views: 20.5ms | ActiveRecord: 3.9ms)


Started GET "/posts" for 127.0.0.1 at Sat Feb 05 23:53:08 +0800 2011
  Processing by PostsController#index as HTML
  [1m[35mPost Load (0.4ms)[0m  SELECT title, author, id, content, posted_at FROM `posts` ORDER BY posted_at DESC LIMIT 15
DEPRECATION WARNING: Base.named_scope has been deprecated, please use Base.scope instead. (called from /Users/alex/work/mygems/blogcast/app/models/user.rb:4)
DEPRECATION WARNING: Base.named_scope has been deprecated, please use Base.scope instead. (called from /Users/alex/work/mygems/blogcast/app/models/user.rb:4)
  [1m[36mUser Load (0.3ms)[0m  [1mSELECT `users`.* FROM `users` WHERE (`users`.`id` = 1) LIMIT 1[0m
  [1m[35mCACHE (0.0ms)[0m  SELECT `users`.* FROM `users` WHERE (`users`.`id` = 1) LIMIT 1
  [1m[36mSQL (1.5ms)[0m  [1mBEGIN[0m
DEPRECATION WARNING: save(false) is deprecated, please give save(:validate => false) instead. (called from current_user_session at /Users/alex/work/mygems/blogcast/app/controllers/application_controller.rb:38)
  [1m[35mAREL (1.4ms)[0m  UPDATE `users` SET `updated_at` = '2011-02-05 15:53:09', `last_request_at` = '2011-02-05 15:53:09' WHERE (`users`.`id` = 1)
  [1m[36mSQL (2.1ms)[0m  [1mCOMMIT[0m
Rendered layouts/_sidebar.html.erb (1.0ms)
Rendered posts/index.html.erb within layouts/application (161.4ms)
Completed 200 OK in 181ms (Views: 162.9ms | ActiveRecord: 5.7ms)


Started GET "/drafts" for 127.0.0.1 at Sat Feb 05 23:53:10 +0800 2011
  Processing by DraftsController#index as HTML
DEPRECATION WARNING: Base.named_scope has been deprecated, please use Base.scope instead. (called from /Users/alex/work/mygems/blogcast/app/models/user.rb:4)
DEPRECATION WARNING: Base.named_scope has been deprecated, please use Base.scope instead. (called from /Users/alex/work/mygems/blogcast/app/models/user.rb:4)
  [1m[35mUser Load (0.5ms)[0m  SELECT `users`.* FROM `users` WHERE (`users`.`id` = 1) LIMIT 1
  [1m[36mCACHE (0.0ms)[0m  [1mSELECT `users`.* FROM `users` WHERE (`users`.`id` = 1) LIMIT 1[0m
  [1m[35mSQL (0.2ms)[0m  BEGIN
DEPRECATION WARNING: save(false) is deprecated, please give save(:validate => false) instead. (called from current_user_session at /Users/alex/work/mygems/blogcast/app/controllers/application_controller.rb:38)
  [1m[36mAREL (8.2ms)[0m  [1mUPDATE `users` SET `updated_at` = '2011-02-05 15:53:10', `last_request_at` = '2011-02-05 15:53:10' WHERE (`users`.`id` = 1)[0m
  [1m[35mSQL (6.3ms)[0m  COMMIT
  [1m[36mDraft Load (0.5ms)[0m  [1mSELECT title, id FROM `drafts` ORDER BY created_at DESC[0m
Rendered drafts/index.html.erb within layouts/application (6.0ms)
Completed 200 OK in 97ms (Views: 12.6ms | ActiveRecord: 15.7ms)


Started GET "/posts/new" for 127.0.0.1 at Sat Feb 05 23:53:12 +0800 2011
  Processing by PostsController#new as HTML
DEPRECATION WARNING: Base.named_scope has been deprecated, please use Base.scope instead. (called from /Users/alex/work/mygems/blogcast/app/models/user.rb:4)
DEPRECATION WARNING: Base.named_scope has been deprecated, please use Base.scope instead. (called from /Users/alex/work/mygems/blogcast/app/models/user.rb:4)
  [1m[35mUser Load (1.5ms)[0m  SELECT `users`.* FROM `users` WHERE (`users`.`id` = 1) LIMIT 1
  [1m[36mCACHE (0.0ms)[0m  [1mSELECT `users`.* FROM `users` WHERE (`users`.`id` = 1) LIMIT 1[0m
  [1m[35mSQL (0.1ms)[0m  BEGIN
DEPRECATION WARNING: save(false) is deprecated, please give save(:validate => false) instead. (called from current_user_session at /Users/alex/work/mygems/blogcast/app/controllers/application_controller.rb:38)
  [1m[36mAREL (0.7ms)[0m  [1mUPDATE `users` SET `updated_at` = '2011-02-05 15:53:12', `last_request_at` = '2011-02-05 15:53:12' WHERE (`users`.`id` = 1)[0m
  [1m[35mSQL (1.2ms)[0m  COMMIT
Rendered posts/new.html.erb within layouts/application (15.1ms)
Completed 200 OK in 105ms (Views: 23.0ms | ActiveRecord: 3.5ms)


Started POST "/posts" for 127.0.0.1 at Sat Feb 05 23:53:46 +0800 2011
  Processing by PostsController#create as HTML
  Parameters: {"post"=>{"title"=>"first article", "markdown"=>"test"}, "authenticity_token"=>"jp8HDced8qVwiEKLC7BbAJHIA1iqgpV7C7DCAVkz+VU=", "utf8"=>"✓", "save_post"=>"Share your post with the world"}
DEPRECATION WARNING: Base.named_scope has been deprecated, please use Base.scope instead. (called from /Users/alex/work/mygems/blogcast/app/models/user.rb:4)
DEPRECATION WARNING: Base.named_scope has been deprecated, please use Base.scope instead. (called from /Users/alex/work/mygems/blogcast/app/models/user.rb:4)
  [1m[36mUser Load (2.9ms)[0m  [1mSELECT `users`.* FROM `users` WHERE (`users`.`id` = 1) LIMIT 1[0m
  [1m[35mCACHE (0.0ms)[0m  SELECT `users`.* FROM `users` WHERE (`users`.`id` = 1) LIMIT 1
  [1m[36mSQL (1.1ms)[0m  [1mBEGIN[0m
DEPRECATION WARNING: save(false) is deprecated, please give save(:validate => false) instead. (called from current_user_session at /Users/alex/work/mygems/blogcast/app/controllers/application_controller.rb:38)
  [1m[35mAREL (3.0ms)[0m  UPDATE `users` SET `last_request_at` = '2011-02-05 15:53:46', `updated_at` = '2011-02-05 15:53:46' WHERE (`users`.`id` = 1)
  [1m[36mSQL (4.7ms)[0m  [1mCOMMIT[0m
  [1m[35mSQL (2.7ms)[0m  BEGIN
  [1m[36mSQL (1.7ms)[0m  [1mdescribe `posts`[0m
  [1m[35mAREL (18.1ms)[0m  INSERT INTO `posts` (`posted_at`, `commentable`, `markdown`, `title`, `updated_at`, `created_at`, `content`, `author`) VALUES ('2011-02-05 15:53:46', 1, 'test', 'first article', '2011-02-05 15:53:46', '2011-02-05 15:53:46', '<p>test</p>', 'admin')
  [1m[36mSQL (1.4ms)[0m  [1mCOMMIT[0m
Redirected to http://localhost:3100/posts/1-first-article
Completed 302 Found in 197ms


Started GET "/posts/1-first-article" for 127.0.0.1 at Sat Feb 05 23:53:46 +0800 2011
  Processing by PostsController#show as HTML
  Parameters: {"id"=>"1-first-article"}
  [1m[35mPost Load (3.1ms)[0m  SELECT `posts`.* FROM `posts` WHERE (`posts`.`id` = 1) LIMIT 1
DEPRECATION WARNING: Base.named_scope has been deprecated, please use Base.scope instead. (called from /Users/alex/work/mygems/blogcast/app/models/user.rb:4)
DEPRECATION WARNING: Base.named_scope has been deprecated, please use Base.scope instead. (called from /Users/alex/work/mygems/blogcast/app/models/user.rb:4)
  [1m[36mUser Load (3.6ms)[0m  [1mSELECT `users`.* FROM `users` WHERE (`users`.`id` = 1) LIMIT 1[0m
  [1m[35mCACHE (0.0ms)[0m  SELECT `users`.* FROM `users` WHERE (`users`.`id` = 1) LIMIT 1
  [1m[36mSQL (0.2ms)[0m  [1mBEGIN[0m
DEPRECATION WARNING: save(false) is deprecated, please give save(:validate => false) instead. (called from current_user_session at /Users/alex/work/mygems/blogcast/app/controllers/application_controller.rb:38)
  [1m[35mAREL (0.3ms)[0m  UPDATE `users` SET `updated_at` = '2011-02-05 15:53:47', `last_request_at` = '2011-02-05 15:53:47' WHERE (`users`.`id` = 1)
  [1m[36mSQL (11.6ms)[0m  [1mCOMMIT[0m
  [1m[35mSQL (81.2ms)[0m  SELECT COUNT(*) FROM `comments` WHERE (`comments`.post_id = 1)
Rendered posts/_meta.html.erb (83.5ms)
  [1m[36mCACHE (0.0ms)[0m  [1mSELECT COUNT(*) FROM `comments` WHERE (`comments`.post_id = 1)[0m
Rendered layouts/_sidebar.html.erb (1.1ms)
Rendered posts/show.html.erb within layouts/application (386.9ms)
Completed 200 OK in 695ms (Views: 304.0ms | ActiveRecord: 135.6ms)


Started GET "/posts/1-first-article" for 127.0.0.1 at Sat Feb 05 23:54:20 +0800 2011
  Processing by PostsController#show as HTML
  Parameters: {"id"=>"1-first-article"}
  [1m[35mPost Load (1.6ms)[0m  SELECT `posts`.* FROM `posts` WHERE (`posts`.`id` = 1) LIMIT 1
DEPRECATION WARNING: Base.named_scope has been deprecated, please use Base.scope instead. (called from /Users/alex/work/mygems/blogcast/app/models/user.rb:4)
DEPRECATION WARNING: Base.named_scope has been deprecated, please use Base.scope instead. (called from /Users/alex/work/mygems/blogcast/app/models/user.rb:4)
  [1m[36mUser Load (0.3ms)[0m  [1mSELECT `users`.* FROM `users` WHERE (`users`.`id` = 1) LIMIT 1[0m
  [1m[35mCACHE (0.0ms)[0m  SELECT `users`.* FROM `users` WHERE (`users`.`id` = 1) LIMIT 1
  [1m[36mSQL (0.1ms)[0m  [1mBEGIN[0m
DEPRECATION WARNING: save(false) is deprecated, please give save(:validate => false) instead. (called from current_user_session at /Users/alex/work/mygems/blogcast/app/controllers/application_controller.rb:38)
  [1m[35mAREL (0.3ms)[0m  UPDATE `users` SET `last_request_at` = '2011-02-05 15:54:20', `updated_at` = '2011-02-05 15:54:20' WHERE (`users`.`id` = 1)
  [1m[36mSQL (163.4ms)[0m  [1mCOMMIT[0m
  [1m[35mSQL (1.7ms)[0m  SELECT COUNT(*) FROM `comments` WHERE (`comments`.post_id = 1)
Rendered posts/_meta.html.erb (3.5ms)
  [1m[36mCACHE (0.0ms)[0m  [1mSELECT COUNT(*) FROM `comments` WHERE (`comments`.post_id = 1)[0m
Rendered layouts/_sidebar.html.erb (0.8ms)
Rendered posts/show.html.erb within layouts/application (274.9ms)
Completed 200 OK in 331ms (Views: 118.4ms | ActiveRecord: 167.5ms)


Started POST "/posts/1-first-article/comments" for 127.0.0.1 at Sat Feb 05 23:55:04 +0800 2011
  Processing by CommentsController#create as JS
  Parameters: {"comment"=>{"name"=>"a.d.min", "content"=>"testst", "website"=>"www.hoe.com", "email"=>"blacka@gmail.com"}, "authenticity_token"=>"jp8HDced8qVwiEKLC7BbAJHIA1iqgpV7C7DCAVkz+VU=", "utf8"=>"✓", "post_id"=>"1-first-article"}
  [1m[35mPost Load (4.1ms)[0m  SELECT `posts`.* FROM `posts` WHERE (`posts`.`id` = 1) LIMIT 1
DEPRECATION WARNING: Base.named_scope has been deprecated, please use Base.scope instead. (called from /Users/alex/work/mygems/blogcast/app/models/user.rb:4)
DEPRECATION WARNING: Base.named_scope has been deprecated, please use Base.scope instead. (called from /Users/alex/work/mygems/blogcast/app/models/user.rb:4)
  [1m[36mUser Load (1.9ms)[0m  [1mSELECT `users`.* FROM `users` WHERE (`users`.`id` = 1) LIMIT 1[0m
  [1m[35mCACHE (0.0ms)[0m  SELECT `users`.* FROM `users` WHERE (`users`.`id` = 1) LIMIT 1
  [1m[36mSQL (2.5ms)[0m  [1mBEGIN[0m
DEPRECATION WARNING: save(false) is deprecated, please give save(:validate => false) instead. (called from current_user_session at /Users/alex/work/mygems/blogcast/app/controllers/application_controller.rb:38)
  [1m[35mAREL (0.3ms)[0m  UPDATE `users` SET `last_request_at` = '2011-02-05 15:55:04', `updated_at` = '2011-02-05 15:55:04' WHERE (`users`.`id` = 1)
  [1m[36mSQL (1.3ms)[0m  [1mCOMMIT[0m
  [1m[35mSQL (0.1ms)[0m  BEGIN
  [1m[36mSQL (2.3ms)[0m  [1mdescribe `comments`[0m
  [1m[35mAREL (64.9ms)[0m  INSERT INTO `comments` (`user_agent`, `post_id`, `name`, `user_ip`, `comment_type`, `email`, `content`, `updated_at`, `website`, `admin`, `permalink`, `referrer`, `created_at`) VALUES ('Mozilla/5.0 (Macintosh; U; Intel Mac OS X 10_5_8; en-US) AppleWebKit/534.10 (KHTML, like Gecko) Chrome/8.0.552.237 Safari/534.10', 1, 'a.d.min', '127.0.0.1', 'comment', 'blacka@gmail.com', 'testst', '2011-02-05 15:55:04', 'www.hoe.com', 1, 'http://localhost:3100/posts/1-first-article', 'http://localhost:3100/posts/1-first-article', '2011-02-05 15:55:04')
  [1m[36mSQL (93.1ms)[0m  [1mCOMMIT[0m
  [1m[35mSQL (0.3ms)[0m  SELECT COUNT(*) FROM `comments` WHERE (`comments`.post_id = 1)
  [1m[36mCACHE (0.0ms)[0m  [1mSELECT COUNT(*) FROM `comments` WHERE (`comments`.post_id = 1)[0m
  [1m[35mComment Load (18.9ms)[0m  SELECT `comments`.* FROM `comments` WHERE (`comments`.post_id = 1) ORDER BY created_at DESC LIMIT 1
Rendered posts/_meta.html.erb (23.1ms)
  [1m[36mCACHE (0.0ms)[0m  [1mSELECT COUNT(*) FROM `comments` WHERE (`comments`.post_id = 1)[0m
Rendered comments/_comment.html.erb (2.8ms)
Rendered comments/create.js.erb (40.1ms)
Completed 200 OK in 373ms (Views: 26.5ms | ActiveRecord: 189.7ms)


Started POST "/posts/1-first-article/comments" for 127.0.0.1 at Sat Feb 05 23:55:07 +0800 2011
  Processing by CommentsController#create as JS
  Parameters: {"comment"=>{"name"=>"a.d.min", "content"=>"testst", "website"=>"www.hoe.com", "email"=>"blacka@gmail.com"}, "authenticity_token"=>"jp8HDced8qVwiEKLC7BbAJHIA1iqgpV7C7DCAVkz+VU=", "utf8"=>"✓", "post_id"=>"1-first-article"}
  [1m[35mPost Load (0.8ms)[0m  SELECT `posts`.* FROM `posts` WHERE (`posts`.`id` = 1) LIMIT 1
DEPRECATION WARNING: Base.named_scope has been deprecated, please use Base.scope instead. (called from /Users/alex/work/mygems/blogcast/app/models/user.rb:4)
DEPRECATION WARNING: Base.named_scope has been deprecated, please use Base.scope instead. (called from /Users/alex/work/mygems/blogcast/app/models/user.rb:4)
  [1m[36mUser Load (0.5ms)[0m  [1mSELECT `users`.* FROM `users` WHERE (`users`.`id` = 1) LIMIT 1[0m
  [1m[35mCACHE (0.0ms)[0m  SELECT `users`.* FROM `users` WHERE (`users`.`id` = 1) LIMIT 1
  [1m[36mSQL (0.1ms)[0m  [1mBEGIN[0m
DEPRECATION WARNING: save(false) is deprecated, please give save(:validate => false) instead. (called from current_user_session at /Users/alex/work/mygems/blogcast/app/controllers/application_controller.rb:38)
  [1m[35mAREL (2.0ms)[0m  UPDATE `users` SET `last_request_at` = '2011-02-05 15:55:08', `updated_at` = '2011-02-05 15:55:08' WHERE (`users`.`id` = 1)
  [1m[36mSQL (1.6ms)[0m  [1mCOMMIT[0m
  [1m[35mSQL (0.1ms)[0m  BEGIN
  [1m[36mSQL (2.6ms)[0m  [1mdescribe `comments`[0m
  [1m[35mAREL (0.8ms)[0m  INSERT INTO `comments` (`created_at`, `email`, `updated_at`, `website`, `user_ip`, `name`, `comment_type`, `content`, `admin`, `permalink`, `user_agent`, `post_id`, `referrer`) VALUES ('2011-02-05 15:55:08', 'blacka@gmail.com', '2011-02-05 15:55:08', 'www.hoe.com', '127.0.0.1', 'a.d.min', 'comment', 'testst', 1, 'http://localhost:3100/posts/1-first-article', 'Mozilla/5.0 (Macintosh; U; Intel Mac OS X 10_5_8; en-US) AppleWebKit/534.10 (KHTML, like Gecko) Chrome/8.0.552.237 Safari/534.10', 1, 'http://localhost:3100/posts/1-first-article')
  [1m[36mSQL (5.5ms)[0m  [1mCOMMIT[0m
  [1m[35mSQL (0.9ms)[0m  SELECT COUNT(*) FROM `comments` WHERE (`comments`.post_id = 1)
  [1m[36mCACHE (0.0ms)[0m  [1mSELECT COUNT(*) FROM `comments` WHERE (`comments`.post_id = 1)[0m
  [1m[35mComment Load (4.5ms)[0m  SELECT `comments`.* FROM `comments` WHERE (`comments`.post_id = 1) ORDER BY created_at DESC LIMIT 1
Rendered posts/_meta.html.erb (9.9ms)
  [1m[36mCACHE (0.0ms)[0m  [1mSELECT COUNT(*) FROM `comments` WHERE (`comments`.post_id = 1)[0m
Rendered comments/_comment.html.erb (2.6ms)
Rendered comments/create.js.erb (24.5ms)
Completed 200 OK in 319ms (Views: 23.4ms | ActiveRecord: 19.4ms)


Started POST "/posts/1-first-article/comments" for 127.0.0.1 at Sat Feb 05 23:55:12 +0800 2011
  Processing by CommentsController#create as JS
  Parameters: {"comment"=>{"name"=>"a.d.min", "content"=>"testst", "website"=>"www.hoe.com", "email"=>"blacka@gmail.com"}, "authenticity_token"=>"jp8HDced8qVwiEKLC7BbAJHIA1iqgpV7C7DCAVkz+VU=", "utf8"=>"✓", "post_id"=>"1-first-article"}
  [1m[35mPost Load (1.2ms)[0m  SELECT `posts`.* FROM `posts` WHERE (`posts`.`id` = 1) LIMIT 1
DEPRECATION WARNING: Base.named_scope has been deprecated, please use Base.scope instead. (called from /Users/alex/work/mygems/blogcast/app/models/user.rb:4)
DEPRECATION WARNING: Base.named_scope has been deprecated, please use Base.scope instead. (called from /Users/alex/work/mygems/blogcast/app/models/user.rb:4)
  [1m[36mUser Load (0.5ms)[0m  [1mSELECT `users`.* FROM `users` WHERE (`users`.`id` = 1) LIMIT 1[0m
  [1m[35mCACHE (0.0ms)[0m  SELECT `users`.* FROM `users` WHERE (`users`.`id` = 1) LIMIT 1
  [1m[36mSQL (0.1ms)[0m  [1mBEGIN[0m
DEPRECATION WARNING: save(false) is deprecated, please give save(:validate => false) instead. (called from current_user_session at /Users/alex/work/mygems/blogcast/app/controllers/application_controller.rb:38)
  [1m[35mAREL (0.3ms)[0m  UPDATE `users` SET `updated_at` = '2011-02-05 15:55:12', `last_request_at` = '2011-02-05 15:55:12' WHERE (`users`.`id` = 1)
  [1m[36mSQL (1.2ms)[0m  [1mCOMMIT[0m
  [1m[35mSQL (0.1ms)[0m  BEGIN
  [1m[36mSQL (1.4ms)[0m  [1mdescribe `comments`[0m
  [1m[35mAREL (0.6ms)[0m  INSERT INTO `comments` (`website`, `created_at`, `permalink`, `email`, `admin`, `post_id`, `user_agent`, `user_ip`, `content`, `comment_type`, `referrer`, `updated_at`, `name`) VALUES ('www.hoe.com', '2011-02-05 15:55:12', 'http://localhost:3100/posts/1-first-article', 'blacka@gmail.com', 1, 1, 'Mozilla/5.0 (Macintosh; U; Intel Mac OS X 10_5_8; en-US) AppleWebKit/534.10 (KHTML, like Gecko) Chrome/8.0.552.237 Safari/534.10', '127.0.0.1', 'testst', 'comment', 'http://localhost:3100/posts/1-first-article', '2011-02-05 15:55:12', 'a.d.min')
  [1m[36mSQL (1.0ms)[0m  [1mCOMMIT[0m
  [1m[35mSQL (0.9ms)[0m  SELECT COUNT(*) FROM `comments` WHERE (`comments`.post_id = 1)
  [1m[36mCACHE (0.0ms)[0m  [1mSELECT COUNT(*) FROM `comments` WHERE (`comments`.post_id = 1)[0m
  [1m[35mComment Load (0.4ms)[0m  SELECT `comments`.* FROM `comments` WHERE (`comments`.post_id = 1) ORDER BY created_at DESC LIMIT 1
Rendered posts/_meta.html.erb (5.1ms)
  [1m[36mCACHE (0.2ms)[0m  [1mSELECT COUNT(*) FROM `comments` WHERE (`comments`.post_id = 1)[0m
Rendered comments/_comment.html.erb (2.1ms)
Rendered comments/create.js.erb (13.1ms)
Completed 200 OK in 122ms (Views: 16.0ms | ActiveRecord: 8.0ms)


Started POST "/posts/1-first-article/comments/1" for 127.0.0.1 at Sat Feb 05 23:55:19 +0800 2011
  Processing by CommentsController#destroy as HTML
  Parameters: {"authenticity_token"=>"jp8HDced8qVwiEKLC7BbAJHIA1iqgpV7C7DCAVkz+VU=", "post_id"=>"1-first-article", "id"=>"1"}
DEPRECATION WARNING: Base.named_scope has been deprecated, please use Base.scope instead. (called from /Users/alex/work/mygems/blogcast/app/models/user.rb:4)
DEPRECATION WARNING: Base.named_scope has been deprecated, please use Base.scope instead. (called from /Users/alex/work/mygems/blogcast/app/models/user.rb:4)
  [1m[35mUser Load (7.9ms)[0m  SELECT `users`.* FROM `users` WHERE (`users`.`id` = 1) LIMIT 1
  [1m[36mCACHE (0.0ms)[0m  [1mSELECT `users`.* FROM `users` WHERE (`users`.`id` = 1) LIMIT 1[0m
  [1m[35mSQL (3.1ms)[0m  BEGIN
DEPRECATION WARNING: save(false) is deprecated, please give save(:validate => false) instead. (called from current_user_session at /Users/alex/work/mygems/blogcast/app/controllers/application_controller.rb:38)
  [1m[36mAREL (2.3ms)[0m  [1mUPDATE `users` SET `last_request_at` = '2011-02-05 15:55:20', `updated_at` = '2011-02-05 15:55:20' WHERE (`users`.`id` = 1)[0m
  [1m[35mSQL (31.2ms)[0m  COMMIT
  [1m[36mPost Load (0.4ms)[0m  [1mSELECT `posts`.* FROM `posts` WHERE (`posts`.`id` = 1) LIMIT 1[0m
  [1m[35mComment Load (2.3ms)[0m  SELECT `comments`.* FROM `comments` WHERE (`comments`.`id` = 1) LIMIT 1
  [1m[36mSQL (0.4ms)[0m  [1mBEGIN[0m
  [1m[35mAREL (161.0ms)[0m  DELETE FROM `comments` WHERE (`comments`.`id` = 1)
  [1m[36mSQL (27.5ms)[0m  [1mCOMMIT[0m
Redirected to http://localhost:3100/posts/1-first-article#comments
Completed 302 Found in 556ms


Started GET "/posts/1-first-article" for 127.0.0.1 at Sat Feb 05 23:55:20 +0800 2011
  Processing by PostsController#show as HTML
  Parameters: {"id"=>"1-first-article"}
  [1m[35mPost Load (0.7ms)[0m  SELECT `posts`.* FROM `posts` WHERE (`posts`.`id` = 1) LIMIT 1
DEPRECATION WARNING: Base.named_scope has been deprecated, please use Base.scope instead. (called from /Users/alex/work/mygems/blogcast/app/models/user.rb:4)
DEPRECATION WARNING: Base.named_scope has been deprecated, please use Base.scope instead. (called from /Users/alex/work/mygems/blogcast/app/models/user.rb:4)
  [1m[36mUser Load (0.6ms)[0m  [1mSELECT `users`.* FROM `users` WHERE (`users`.`id` = 1) LIMIT 1[0m
  [1m[35mCACHE (0.0ms)[0m  SELECT `users`.* FROM `users` WHERE (`users`.`id` = 1) LIMIT 1
  [1m[36mSQL (0.9ms)[0m  [1mBEGIN[0m
DEPRECATION WARNING: save(false) is deprecated, please give save(:validate => false) instead. (called from current_user_session at /Users/alex/work/mygems/blogcast/app/controllers/application_controller.rb:38)
  [1m[35mAREL (2.9ms)[0m  UPDATE `users` SET `updated_at` = '2011-02-05 15:55:20', `last_request_at` = '2011-02-05 15:55:20' WHERE (`users`.`id` = 1)
  [1m[36mSQL (45.2ms)[0m  [1mCOMMIT[0m
  [1m[35mSQL (3.5ms)[0m  SELECT COUNT(*) FROM `comments` WHERE (`comments`.post_id = 1)
  [1m[36mCACHE (0.0ms)[0m  [1mSELECT COUNT(*) FROM `comments` WHERE (`comments`.post_id = 1)[0m
  [1m[35mComment Load (1.1ms)[0m  SELECT `comments`.* FROM `comments` WHERE (`comments`.post_id = 1) ORDER BY created_at DESC LIMIT 1
Rendered posts/_meta.html.erb (10.3ms)
  [1m[36mCACHE (0.0ms)[0m  [1mSELECT COUNT(*) FROM `comments` WHERE (`comments`.post_id = 1)[0m
  [1m[35mCACHE (0.0ms)[0m  SELECT COUNT(*) FROM `comments` WHERE (`comments`.post_id = 1)
  [1m[36mComment Load (0.5ms)[0m  [1mSELECT `comments`.* FROM `comments` WHERE (`comments`.post_id = 1) ORDER BY created_at ASC[0m
Rendered comments/_comment.html.erb (2.9ms)
Rendered comments/_comment.html.erb (5.1ms)
Rendered layouts/_sidebar.html.erb (0.9ms)
Rendered posts/show.html.erb within layouts/application (265.9ms)
Completed 200 OK in 357ms (Views: 219.3ms | ActiveRecord: 291.7ms)


Started GET "/posts" for 127.0.0.1 at Sat Feb 05 23:55:36 +0800 2011
  Processing by PostsController#index as HTML
  [1m[35mPost Load (0.4ms)[0m  SELECT title, author, id, content, posted_at FROM `posts` ORDER BY posted_at DESC LIMIT 15
DEPRECATION WARNING: Base.named_scope has been deprecated, please use Base.scope instead. (called from /Users/alex/work/mygems/blogcast/app/models/user.rb:4)
DEPRECATION WARNING: Base.named_scope has been deprecated, please use Base.scope instead. (called from /Users/alex/work/mygems/blogcast/app/models/user.rb:4)
  [1m[36mUser Load (0.4ms)[0m  [1mSELECT `users`.* FROM `users` WHERE (`users`.`id` = 1) LIMIT 1[0m
  [1m[35mCACHE (0.0ms)[0m  SELECT `users`.* FROM `users` WHERE (`users`.`id` = 1) LIMIT 1
  [1m[36mSQL (0.3ms)[0m  [1mBEGIN[0m
DEPRECATION WARNING: save(false) is deprecated, please give save(:validate => false) instead. (called from current_user_session at /Users/alex/work/mygems/blogcast/app/controllers/application_controller.rb:38)
  [1m[35mAREL (0.3ms)[0m  UPDATE `users` SET `updated_at` = '2011-02-05 15:55:36', `last_request_at` = '2011-02-05 15:55:36' WHERE (`users`.`id` = 1)
  [1m[36mSQL (6.8ms)[0m  [1mCOMMIT[0m
  [1m[35mSQL (1.7ms)[0m  SELECT COUNT(*) FROM `comments` WHERE (`comments`.post_id = 1)
  [1m[36mCACHE (0.0ms)[0m  [1mSELECT COUNT(*) FROM `comments` WHERE (`comments`.post_id = 1)[0m
  [1m[35mComment Load (0.5ms)[0m  SELECT `comments`.* FROM `comments` WHERE (`comments`.post_id = 1) ORDER BY created_at DESC LIMIT 1
Rendered posts/_meta.html.erb (54.7ms)
Rendered layouts/_sidebar.html.erb (1.1ms)
Rendered posts/index.html.erb within layouts/application (154.3ms)
Completed 200 OK in 176ms (Views: 151.4ms | ActiveRecord: 10.5ms)


Started GET "/archives" for 127.0.0.1 at Sat Feb 05 23:56:19 +0800 2011
  Processing by ArchivesController#index as HTML
  [1m[36mPost Load (0.4ms)[0m  [1mSELECT title, id, posted_at FROM `posts` ORDER BY posted_at DESC[0m
DEPRECATION WARNING: Base.named_scope has been deprecated, please use Base.scope instead. (called from /Users/alex/work/mygems/blogcast/app/models/user.rb:4)
DEPRECATION WARNING: Base.named_scope has been deprecated, please use Base.scope instead. (called from /Users/alex/work/mygems/blogcast/app/models/user.rb:4)
  [1m[35mUser Load (2.0ms)[0m  SELECT `users`.* FROM `users` WHERE (`users`.`id` = 1) LIMIT 1
  [1m[36mCACHE (0.0ms)[0m  [1mSELECT `users`.* FROM `users` WHERE (`users`.`id` = 1) LIMIT 1[0m
  [1m[35mSQL (1.0ms)[0m  BEGIN
DEPRECATION WARNING: save(false) is deprecated, please give save(:validate => false) instead. (called from current_user_session at /Users/alex/work/mygems/blogcast/app/controllers/application_controller.rb:38)
  [1m[36mAREL (0.8ms)[0m  [1mUPDATE `users` SET `updated_at` = '2011-02-05 15:56:20', `last_request_at` = '2011-02-05 15:56:20' WHERE (`users`.`id` = 1)[0m
  [1m[35mSQL (1.1ms)[0m  COMMIT
  [1m[36mSQL (1.2ms)[0m  [1mSELECT COUNT(*) FROM `comments` WHERE (`comments`.post_id = 1)[0m
  [1m[35mCACHE (0.0ms)[0m  SELECT COUNT(*) FROM `comments` WHERE (`comments`.post_id = 1)
  [1m[36mComment Load (1.8ms)[0m  [1mSELECT `comments`.* FROM `comments` WHERE (`comments`.post_id = 1) ORDER BY created_at DESC LIMIT 1[0m
Rendered archives/index.html.erb within layouts/application (150.5ms)
Completed 200 OK in 290ms (Views: 150.5ms | ActiveRecord: 8.4ms)


Started GET "/posts" for 127.0.0.1 at Sat Feb 05 23:56:28 +0800 2011
  Processing by PostsController#index as HTML
  [1m[35mPost Load (2.3ms)[0m  SELECT title, author, id, content, posted_at FROM `posts` ORDER BY posted_at DESC LIMIT 15
DEPRECATION WARNING: Base.named_scope has been deprecated, please use Base.scope instead. (called from /Users/alex/work/mygems/blogcast/app/models/user.rb:4)
DEPRECATION WARNING: Base.named_scope has been deprecated, please use Base.scope instead. (called from /Users/alex/work/mygems/blogcast/app/models/user.rb:4)
  [1m[36mUser Load (0.3ms)[0m  [1mSELECT `users`.* FROM `users` WHERE (`users`.`id` = 1) LIMIT 1[0m
  [1m[35mCACHE (0.0ms)[0m  SELECT `users`.* FROM `users` WHERE (`users`.`id` = 1) LIMIT 1
  [1m[36mSQL (0.1ms)[0m  [1mBEGIN[0m
DEPRECATION WARNING: save(false) is deprecated, please give save(:validate => false) instead. (called from current_user_session at /Users/alex/work/mygems/blogcast/app/controllers/application_controller.rb:38)
  [1m[35mAREL (0.3ms)[0m  UPDATE `users` SET `updated_at` = '2011-02-05 15:56:28', `last_request_at` = '2011-02-05 15:56:28' WHERE (`users`.`id` = 1)
  [1m[36mSQL (2.8ms)[0m  [1mCOMMIT[0m
  [1m[35mSQL (1.0ms)[0m  SELECT COUNT(*) FROM `comments` WHERE (`comments`.post_id = 1)
  [1m[36mCACHE (0.0ms)[0m  [1mSELECT COUNT(*) FROM `comments` WHERE (`comments`.post_id = 1)[0m
  [1m[35mComment Load (0.4ms)[0m  SELECT `comments`.* FROM `comments` WHERE (`comments`.post_id = 1) ORDER BY created_at DESC LIMIT 1
Rendered posts/_meta.html.erb (47.5ms)
Rendered layouts/_sidebar.html.erb (1.4ms)
Rendered posts/index.html.erb within layouts/application (234.6ms)
Completed 200 OK in 266ms (Views: 240.7ms | ActiveRecord: 7.3ms)


Started GET "/posts/1-first-article" for 127.0.0.1 at Sat Feb 05 23:56:35 +0800 2011
  Processing by PostsController#show as HTML
  Parameters: {"id"=>"1-first-article"}
  [1m[36mPost Load (0.8ms)[0m  [1mSELECT `posts`.* FROM `posts` WHERE (`posts`.`id` = 1) LIMIT 1[0m
DEPRECATION WARNING: Base.named_scope has been deprecated, please use Base.scope instead. (called from /Users/alex/work/mygems/blogcast/app/models/user.rb:4)
DEPRECATION WARNING: Base.named_scope has been deprecated, please use Base.scope instead. (called from /Users/alex/work/mygems/blogcast/app/models/user.rb:4)
  [1m[35mUser Load (2.0ms)[0m  SELECT `users`.* FROM `users` WHERE (`users`.`id` = 1) LIMIT 1
  [1m[36mCACHE (0.0ms)[0m  [1mSELECT `users`.* FROM `users` WHERE (`users`.`id` = 1) LIMIT 1[0m
  [1m[35mSQL (1.0ms)[0m  BEGIN
DEPRECATION WARNING: save(false) is deprecated, please give save(:validate => false) instead. (called from current_user_session at /Users/alex/work/mygems/blogcast/app/controllers/application_controller.rb:38)
  [1m[36mAREL (0.5ms)[0m  [1mUPDATE `users` SET `last_request_at` = '2011-02-05 15:56:35', `updated_at` = '2011-02-05 15:56:35' WHERE (`users`.`id` = 1)[0m
  [1m[35mSQL (4.5ms)[0m  COMMIT
  [1m[36mSQL (0.8ms)[0m  [1mSELECT COUNT(*) FROM `comments` WHERE (`comments`.post_id = 1)[0m
  [1m[35mCACHE (0.0ms)[0m  SELECT COUNT(*) FROM `comments` WHERE (`comments`.post_id = 1)
  [1m[36mComment Load (0.4ms)[0m  [1mSELECT `comments`.* FROM `comments` WHERE (`comments`.post_id = 1) ORDER BY created_at DESC LIMIT 1[0m
Rendered posts/_meta.html.erb (4.7ms)
  [1m[35mCACHE (0.0ms)[0m  SELECT COUNT(*) FROM `comments` WHERE (`comments`.post_id = 1)
  [1m[36mCACHE (0.0ms)[0m  [1mSELECT COUNT(*) FROM `comments` WHERE (`comments`.post_id = 1)[0m
  [1m[35mComment Load (0.5ms)[0m  SELECT `comments`.* FROM `comments` WHERE (`comments`.post_id = 1) ORDER BY created_at ASC
Rendered comments/_comment.html.erb (2.1ms)
Rendered comments/_comment.html.erb (1.9ms)
Rendered layouts/_sidebar.html.erb (0.8ms)
Rendered posts/show.html.erb within layouts/application (130.8ms)
Completed 200 OK in 186ms (Views: 131.9ms | ActiveRecord: 10.5ms)


Started GET "/posts/1-first-article/edit" for 127.0.0.1 at Sat Feb 05 23:56:40 +0800 2011
  Processing by PostsController#edit as HTML
  Parameters: {"id"=>"1-first-article"}
DEPRECATION WARNING: Base.named_scope has been deprecated, please use Base.scope instead. (called from /Users/alex/work/mygems/blogcast/app/models/user.rb:4)
DEPRECATION WARNING: Base.named_scope has been deprecated, please use Base.scope instead. (called from /Users/alex/work/mygems/blogcast/app/models/user.rb:4)
  [1m[36mUser Load (0.5ms)[0m  [1mSELECT `users`.* FROM `users` WHERE (`users`.`id` = 1) LIMIT 1[0m
  [1m[35mCACHE (0.0ms)[0m  SELECT `users`.* FROM `users` WHERE (`users`.`id` = 1) LIMIT 1
  [1m[36mSQL (0.1ms)[0m  [1mBEGIN[0m
DEPRECATION WARNING: save(false) is deprecated, please give save(:validate => false) instead. (called from current_user_session at /Users/alex/work/mygems/blogcast/app/controllers/application_controller.rb:38)
  [1m[35mAREL (0.4ms)[0m  UPDATE `users` SET `last_request_at` = '2011-02-05 15:56:41', `updated_at` = '2011-02-05 15:56:41' WHERE (`users`.`id` = 1)
  [1m[36mSQL (6.2ms)[0m  [1mCOMMIT[0m
  [1m[35mPost Load (0.7ms)[0m  SELECT `posts`.* FROM `posts` WHERE (`posts`.`id` = 1) LIMIT 1
  [1m[36mSQL (0.3ms)[0m  [1mSELECT COUNT(*) FROM `comments` WHERE (`comments`.post_id = 1)[0m
  [1m[35mCACHE (0.0ms)[0m  SELECT COUNT(*) FROM `comments` WHERE (`comments`.post_id = 1)
  [1m[36mComment Load (2.8ms)[0m  [1mSELECT `comments`.* FROM `comments` WHERE (`comments`.post_id = 1) ORDER BY comments.id DESC LIMIT 1[0m
Rendered posts/edit.html.erb within layouts/application (57.2ms)
Completed 200 OK in 225ms (Views: 63.2ms | ActiveRecord: 11.0ms)


Started POST "/posts/1-first-article" for 127.0.0.1 at Sat Feb 05 23:58:04 +0800 2011
  Processing by PostsController#update as HTML
  Parameters: {"commit"=>"Update post", "post"=>{"title"=>"first article", "markdown"=>"test\r\n\r\n \r\n    def test\r\n       puts \"hehe\"\r\n     end"}, "authenticity_token"=>"jp8HDced8qVwiEKLC7BbAJHIA1iqgpV7C7DCAVkz+VU=", "utf8"=>"✓", "id"=>"1-first-article"}
DEPRECATION WARNING: Base.named_scope has been deprecated, please use Base.scope instead. (called from /Users/alex/work/mygems/blogcast/app/models/user.rb:4)
DEPRECATION WARNING: Base.named_scope has been deprecated, please use Base.scope instead. (called from /Users/alex/work/mygems/blogcast/app/models/user.rb:4)
  [1m[35mUser Load (6.9ms)[0m  SELECT `users`.* FROM `users` WHERE (`users`.`id` = 1) LIMIT 1
  [1m[36mCACHE (0.0ms)[0m  [1mSELECT `users`.* FROM `users` WHERE (`users`.`id` = 1) LIMIT 1[0m
  [1m[35mSQL (1.3ms)[0m  BEGIN
DEPRECATION WARNING: save(false) is deprecated, please give save(:validate => false) instead. (called from current_user_session at /Users/alex/work/mygems/blogcast/app/controllers/application_controller.rb:38)
  [1m[36mAREL (0.3ms)[0m  [1mUPDATE `users` SET `updated_at` = '2011-02-05 15:58:04', `last_request_at` = '2011-02-05 15:58:04' WHERE (`users`.`id` = 1)[0m
  [1m[35mSQL (7.8ms)[0m  COMMIT
  [1m[36mPost Load (0.4ms)[0m  [1mSELECT `posts`.* FROM `posts` WHERE (`posts`.`id` = 1) LIMIT 1[0m
  [1m[35mSQL (1.4ms)[0m  BEGIN
  [1m[36mAREL (1.9ms)[0m  [1mUPDATE `posts` SET `markdown` = 'test\r\n\r\n \r\n def test\r\n puts \"hehe\"\r\n end', `updated_at` = '2011-02-05 15:58:04', `content` = '<p>test</p>\n\n<pre><code>def test\n puts \"hehe\"\n end\n</code></pre>' WHERE (`posts`.`id` = 1)[0m
  [1m[35mSQL (47.4ms)[0m  COMMIT
Redirected to http://localhost:3100/posts/1-first-article
Completed 302 Found in 287ms


Started GET "/posts/1-first-article" for 127.0.0.1 at Sat Feb 05 23:58:04 +0800 2011
  Processing by PostsController#show as HTML
  Parameters: {"id"=>"1-first-article"}
  [1m[36mPost Load (1.9ms)[0m  [1mSELECT `posts`.* FROM `posts` WHERE (`posts`.`id` = 1) LIMIT 1[0m
DEPRECATION WARNING: Base.named_scope has been deprecated, please use Base.scope instead. (called from /Users/alex/work/mygems/blogcast/app/models/user.rb:4)
DEPRECATION WARNING: Base.named_scope has been deprecated, please use Base.scope instead. (called from /Users/alex/work/mygems/blogcast/app/models/user.rb:4)
  [1m[35mUser Load (8.2ms)[0m  SELECT `users`.* FROM `users` WHERE (`users`.`id` = 1) LIMIT 1
  [1m[36mCACHE (0.0ms)[0m  [1mSELECT `users`.* FROM `users` WHERE (`users`.`id` = 1) LIMIT 1[0m
  [1m[35mSQL (0.5ms)[0m  BEGIN
DEPRECATION WARNING: save(false) is deprecated, please give save(:validate => false) instead. (called from current_user_session at /Users/alex/work/mygems/blogcast/app/controllers/application_controller.rb:38)
  [1m[36mAREL (0.3ms)[0m  [1mUPDATE `users` SET `last_request_at` = '2011-02-05 15:58:04', `updated_at` = '2011-02-05 15:58:04' WHERE (`users`.`id` = 1)[0m
  [1m[35mSQL (35.5ms)[0m  COMMIT
  [1m[36mSQL (2.2ms)[0m  [1mSELECT COUNT(*) FROM `comments` WHERE (`comments`.post_id = 1)[0m
  [1m[35mCACHE (0.0ms)[0m  SELECT COUNT(*) FROM `comments` WHERE (`comments`.post_id = 1)
  [1m[36mComment Load (12.0ms)[0m  [1mSELECT `comments`.* FROM `comments` WHERE (`comments`.post_id = 1) ORDER BY created_at DESC LIMIT 1[0m
Rendered posts/_meta.html.erb (23.5ms)
  [1m[35mCACHE (0.0ms)[0m  SELECT COUNT(*) FROM `comments` WHERE (`comments`.post_id = 1)
  [1m[36mCACHE (0.0ms)[0m  [1mSELECT COUNT(*) FROM `comments` WHERE (`comments`.post_id = 1)[0m
  [1m[35mComment Load (5.8ms)[0m  SELECT `comments`.* FROM `comments` WHERE (`comments`.post_id = 1) ORDER BY created_at ASC
Rendered comments/_comment.html.erb (2.5ms)
Rendered comments/_comment.html.erb (2.0ms)
Rendered layouts/_sidebar.html.erb (1.0ms)
Rendered posts/show.html.erb within layouts/application (233.4ms)
Completed 200 OK in 368ms (Views: 177.3ms | ActiveRecord: 133.8ms)


Started GET "/posts" for 127.0.0.1 at Sat Feb 05 23:58:54 +0800 2011
  Processing by PostsController#index as HTML
  [1m[36mPost Load (0.4ms)[0m  [1mSELECT title, author, id, content, posted_at FROM `posts` ORDER BY posted_at DESC LIMIT 15[0m
DEPRECATION WARNING: Base.named_scope has been deprecated, please use Base.scope instead. (called from /Users/alex/work/mygems/blogcast/app/models/user.rb:4)
DEPRECATION WARNING: Base.named_scope has been deprecated, please use Base.scope instead. (called from /Users/alex/work/mygems/blogcast/app/models/user.rb:4)
  [1m[35mUser Load (1.4ms)[0m  SELECT `users`.* FROM `users` WHERE (`users`.`id` = 1) LIMIT 1
  [1m[36mCACHE (0.0ms)[0m  [1mSELECT `users`.* FROM `users` WHERE (`users`.`id` = 1) LIMIT 1[0m
  [1m[35mSQL (1.2ms)[0m  BEGIN
DEPRECATION WARNING: save(false) is deprecated, please give save(:validate => false) instead. (called from current_user_session at /Users/alex/work/mygems/blogcast/app/controllers/application_controller.rb:38)
  [1m[36mAREL (0.3ms)[0m  [1mUPDATE `users` SET `last_request_at` = '2011-02-05 15:58:54', `updated_at` = '2011-02-05 15:58:54' WHERE (`users`.`id` = 1)[0m
  [1m[35mSQL (1.5ms)[0m  COMMIT
  [1m[36mSQL (1.1ms)[0m  [1mSELECT COUNT(*) FROM `comments` WHERE (`comments`.post_id = 1)[0m
  [1m[35mCACHE (0.0ms)[0m  SELECT COUNT(*) FROM `comments` WHERE (`comments`.post_id = 1)
  [1m[36mComment Load (0.4ms)[0m  [1mSELECT `comments`.* FROM `comments` WHERE (`comments`.post_id = 1) ORDER BY created_at DESC LIMIT 1[0m
Rendered posts/_meta.html.erb (51.1ms)
Rendered layouts/_sidebar.html.erb (1.0ms)
Rendered posts/index.html.erb within layouts/application (144.5ms)
Completed 200 OK in 165ms (Views: 145.5ms | ActiveRecord: 6.4ms)


Started POST "/logout" for 127.0.0.1 at Sat Feb 05 23:58:59 +0800 2011
  Processing by UserSessionsController#destroy as HTML
  Parameters: {"authenticity_token"=>"jp8HDced8qVwiEKLC7BbAJHIA1iqgpV7C7DCAVkz+VU="}
DEPRECATION WARNING: Base.named_scope has been deprecated, please use Base.scope instead. (called from /Users/alex/work/mygems/blogcast/app/models/user.rb:4)
DEPRECATION WARNING: Base.named_scope has been deprecated, please use Base.scope instead. (called from /Users/alex/work/mygems/blogcast/app/models/user.rb:4)
  [1m[35mUser Load (0.5ms)[0m  SELECT `users`.* FROM `users` WHERE (`users`.`id` = 1) LIMIT 1
  [1m[36mCACHE (0.0ms)[0m  [1mSELECT `users`.* FROM `users` WHERE (`users`.`id` = 1) LIMIT 1[0m
  [1m[35mSQL (0.2ms)[0m  BEGIN
DEPRECATION WARNING: save(false) is deprecated, please give save(:validate => false) instead. (called from current_user_session at /Users/alex/work/mygems/blogcast/app/controllers/application_controller.rb:38)
  [1m[36mAREL (0.4ms)[0m  [1mUPDATE `users` SET `last_request_at` = '2011-02-05 15:58:59', `updated_at` = '2011-02-05 15:58:59' WHERE (`users`.`id` = 1)[0m
  [1m[35mSQL (0.8ms)[0m  COMMIT
  [1m[36mUser Load (0.4ms)[0m  [1mSELECT `users`.* FROM `users` WHERE (`users`.`id` = 1) LIMIT 1[0m
  [1m[35mCACHE (0.0ms)[0m  SELECT `users`.* FROM `users` WHERE (`users`.`id` = 1) LIMIT 1
  [1m[36mSQL (0.1ms)[0m  [1mBEGIN[0m
DEPRECATION WARNING: save(false) is deprecated, please give save(:validate => false) instead. (called from destroy at /Users/alex/work/mygems/blogcast/app/controllers/user_sessions_controller.rb:22)
  [1m[35mAREL (1.2ms)[0m  UPDATE `users` SET `last_request_at` = '2011-02-05 15:58:59', `updated_at` = '2011-02-05 15:58:59' WHERE (`users`.`id` = 1)
  [1m[36mSQL (1.6ms)[0m  [1mCOMMIT[0m
Redirected to http://localhost:3100/admin
Completed 302 Found in 174ms


Started GET "/admin" for 127.0.0.1 at Sat Feb 05 23:59:00 +0800 2011
  Processing by UserSessionsController#new as HTML
DEPRECATION WARNING: Base.named_scope has been deprecated, please use Base.scope instead. (called from /Users/alex/work/mygems/blogcast/app/models/user.rb:4)
DEPRECATION WARNING: Base.named_scope has been deprecated, please use Base.scope instead. (called from /Users/alex/work/mygems/blogcast/app/models/user.rb:4)
Rendered user_sessions/new.html.erb (3.5ms)
Completed 200 OK in 121ms (Views: 6.7ms | ActiveRecord: 5.1ms)


Started GET "/" for 127.0.0.1 at Sat Feb 05 23:59:04 +0800 2011
  Processing by PostsController#index as HTML
  [1m[35mPost Load (0.5ms)[0m  SELECT title, author, id, content, posted_at FROM `posts` ORDER BY posted_at DESC LIMIT 15
DEPRECATION WARNING: Base.named_scope has been deprecated, please use Base.scope instead. (called from /Users/alex/work/mygems/blogcast/app/models/user.rb:4)
DEPRECATION WARNING: Base.named_scope has been deprecated, please use Base.scope instead. (called from /Users/alex/work/mygems/blogcast/app/models/user.rb:4)
  [1m[36mSQL (3.0ms)[0m  [1mSELECT COUNT(*) FROM `comments` WHERE (`comments`.post_id = 1)[0m
  [1m[35mCACHE (0.0ms)[0m  SELECT COUNT(*) FROM `comments` WHERE (`comments`.post_id = 1)
  [1m[36mComment Load (1.1ms)[0m  [1mSELECT `comments`.* FROM `comments` WHERE (`comments`.post_id = 1) ORDER BY created_at DESC LIMIT 1[0m
Rendered posts/_meta.html.erb (148.8ms)
Rendered layouts/_sidebar.html.erb (1.1ms)
Rendered posts/index.html.erb within layouts/application (238.2ms)
Completed 200 OK in 263ms (Views: 242.3ms | ActiveRecord: 4.6ms)


Started GET "/admin" for 127.0.0.1 at Sat Feb 05 23:59:21 +0800 2011
  Processing by UserSessionsController#new as HTML
DEPRECATION WARNING: Base.named_scope has been deprecated, please use Base.scope instead. (called from /Users/alex/work/mygems/blogcast/app/models/user.rb:4)
DEPRECATION WARNING: Base.named_scope has been deprecated, please use Base.scope instead. (called from /Users/alex/work/mygems/blogcast/app/models/user.rb:4)
Rendered user_sessions/new.html.erb (4.8ms)
Completed 200 OK in 52ms (Views: 7.9ms | ActiveRecord: 0.0ms)


Started POST "/user_sessions" for 127.0.0.1 at Sat Feb 05 23:59:23 +0800 2011
  Processing by UserSessionsController#create as HTML
  Parameters: {"commit"=>"Login", "user_session"=>{"password"=>"[FILTERED]", "login"=>"admin"}, "authenticity_token"=>"jp8HDced8qVwiEKLC7BbAJHIA1iqgpV7C7DCAVkz+VU=", "utf8"=>"✓"}
DEPRECATION WARNING: Base.named_scope has been deprecated, please use Base.scope instead. (called from /Users/alex/work/mygems/blogcast/app/models/user.rb:4)
DEPRECATION WARNING: Base.named_scope has been deprecated, please use Base.scope instead. (called from /Users/alex/work/mygems/blogcast/app/models/user.rb:4)
  [1m[35mUser Load (1.2ms)[0m  SELECT `users`.* FROM `users` WHERE (`users`.`login` = 'admin') LIMIT 1
  [1m[36mSQL (1.6ms)[0m  [1mBEGIN[0m
DEPRECATION WARNING: save(false) is deprecated, please give save(:validate => false) instead. (called from create at /Users/alex/work/mygems/blogcast/app/controllers/user_sessions_controller.rb:13)
  [1m[35mAREL (0.4ms)[0m  UPDATE `users` SET `current_login_at` = '2011-02-05 15:59:23', `updated_at` = '2011-02-05 15:59:23', `login_count` = 2, `last_request_at` = '2011-02-05 15:59:23', `last_login_ip` = '127.0.0.1', `last_login_at` = '2011-02-05 15:52:38' WHERE (`users`.`id` = 1)
  [1m[36mSQL (2.2ms)[0m  [1mCOMMIT[0m
Redirected to http://localhost:3100/
Completed 302 Found in 62ms


Started GET "/" for 127.0.0.1 at Sat Feb 05 23:59:23 +0800 2011
  Processing by PostsController#index as HTML
  [1m[35mPost Load (18.1ms)[0m  SELECT title, author, id, content, posted_at FROM `posts` ORDER BY posted_at DESC LIMIT 15
DEPRECATION WARNING: Base.named_scope has been deprecated, please use Base.scope instead. (called from /Users/alex/work/mygems/blogcast/app/models/user.rb:4)
DEPRECATION WARNING: Base.named_scope has been deprecated, please use Base.scope instead. (called from /Users/alex/work/mygems/blogcast/app/models/user.rb:4)
  [1m[36mUser Load (1.6ms)[0m  [1mSELECT `users`.* FROM `users` WHERE (`users`.`id` = 1) LIMIT 1[0m
  [1m[35mCACHE (0.0ms)[0m  SELECT `users`.* FROM `users` WHERE (`users`.`id` = 1) LIMIT 1
  [1m[36mSQL (2.2ms)[0m  [1mBEGIN[0m
DEPRECATION WARNING: save(false) is deprecated, please give save(:validate => false) instead. (called from current_user_session at /Users/alex/work/mygems/blogcast/app/controllers/application_controller.rb:38)
  [1m[35mAREL (0.3ms)[0m  UPDATE `users` SET `updated_at` = '2011-02-05 15:59:24', `last_request_at` = '2011-02-05 15:59:24' WHERE (`users`.`id` = 1)
  [1m[36mSQL (1.2ms)[0m  [1mCOMMIT[0m
  [1m[35mSQL (0.4ms)[0m  SELECT COUNT(*) FROM `comments` WHERE (`comments`.post_id = 1)
  [1m[36mCACHE (0.0ms)[0m  [1mSELECT COUNT(*) FROM `comments` WHERE (`comments`.post_id = 1)[0m
  [1m[35mComment Load (0.4ms)[0m  SELECT `comments`.* FROM `comments` WHERE (`comments`.post_id = 1) ORDER BY created_at DESC LIMIT 1
Rendered posts/_meta.html.erb (100.7ms)
Rendered layouts/_sidebar.html.erb (1.0ms)
Rendered posts/index.html.erb within layouts/application (420.5ms)
Completed 200 OK in 468ms (Views: 422.1ms | ActiveRecord: 29.5ms)


Started GET "/users" for 127.0.0.1 at Sat Feb 05 23:59:28 +0800 2011
  Processing by UsersController#index as HTML
DEPRECATION WARNING: Base.named_scope has been deprecated, please use Base.scope instead. (called from /Users/alex/work/mygems/blogcast/app/models/user.rb:4)
DEPRECATION WARNING: Base.named_scope has been deprecated, please use Base.scope instead. (called from /Users/alex/work/mygems/blogcast/app/models/user.rb:4)
  [1m[36mUser Load (1.5ms)[0m  [1mSELECT `users`.* FROM `users` WHERE (`users`.`id` = 1) LIMIT 1[0m
  [1m[35mCACHE (0.0ms)[0m  SELECT `users`.* FROM `users` WHERE (`users`.`id` = 1) LIMIT 1
  [1m[36mSQL (0.4ms)[0m  [1mBEGIN[0m
DEPRECATION WARNING: save(false) is deprecated, please give save(:validate => false) instead. (called from current_user_session at /Users/alex/work/mygems/blogcast/app/controllers/application_controller.rb:38)
  [1m[35mAREL (2.2ms)[0m  UPDATE `users` SET `updated_at` = '2011-02-05 15:59:28', `last_request_at` = '2011-02-05 15:59:28' WHERE (`users`.`id` = 1)
  [1m[36mSQL (1.3ms)[0m  [1mCOMMIT[0m
  [1m[35mUser Load (29.8ms)[0m  SELECT `users`.* FROM `users`
Rendered users/index.html.erb within layouts/application (6.4ms)
Completed 200 OK in 113ms (Views: 13.0ms | ActiveRecord: 35.2ms)


Started GET "/users/1/edit" for 127.0.0.1 at Sat Feb 05 23:59:30 +0800 2011
  Processing by UsersController#edit as HTML
  Parameters: {"id"=>"1"}
DEPRECATION WARNING: Base.named_scope has been deprecated, please use Base.scope instead. (called from /Users/alex/work/mygems/blogcast/app/models/user.rb:4)
DEPRECATION WARNING: Base.named_scope has been deprecated, please use Base.scope instead. (called from /Users/alex/work/mygems/blogcast/app/models/user.rb:4)
  [1m[36mUser Load (0.8ms)[0m  [1mSELECT `users`.* FROM `users` WHERE (`users`.`id` = 1) LIMIT 1[0m
  [1m[35mCACHE (0.0ms)[0m  SELECT `users`.* FROM `users` WHERE (`users`.`id` = 1) LIMIT 1
  [1m[36mSQL (2.1ms)[0m  [1mBEGIN[0m
DEPRECATION WARNING: save(false) is deprecated, please give save(:validate => false) instead. (called from current_user_session at /Users/alex/work/mygems/blogcast/app/controllers/application_controller.rb:38)
  [1m[35mAREL (4.1ms)[0m  UPDATE `users` SET `updated_at` = '2011-02-05 15:59:30', `last_request_at` = '2011-02-05 15:59:30' WHERE (`users`.`id` = 1)
  [1m[36mSQL (5.4ms)[0m  [1mCOMMIT[0m
  [1m[35mUser Load (63.2ms)[0m  SELECT `users`.* FROM `users` WHERE (`users`.`id` = 1) LIMIT 1
Rendered users/edit.html.erb within layouts/application (11.8ms)
Completed 200 OK in 178ms (Views: 25.6ms | ActiveRecord: 75.5ms)


Started GET "/users/new" for 127.0.0.1 at Sat Feb 05 23:59:41 +0800 2011
  Processing by UsersController#new as HTML
DEPRECATION WARNING: Base.named_scope has been deprecated, please use Base.scope instead. (called from /Users/alex/work/mygems/blogcast/app/models/user.rb:4)
DEPRECATION WARNING: Base.named_scope has been deprecated, please use Base.scope instead. (called from /Users/alex/work/mygems/blogcast/app/models/user.rb:4)
  [1m[36mUser Load (0.4ms)[0m  [1mSELECT `users`.* FROM `users` WHERE (`users`.`id` = 1) LIMIT 1[0m
  [1m[35mCACHE (0.0ms)[0m  SELECT `users`.* FROM `users` WHERE (`users`.`id` = 1) LIMIT 1
  [1m[36mSQL (0.1ms)[0m  [1mBEGIN[0m
DEPRECATION WARNING: save(false) is deprecated, please give save(:validate => false) instead. (called from current_user_session at /Users/alex/work/mygems/blogcast/app/controllers/application_controller.rb:38)
  [1m[35mAREL (0.7ms)[0m  UPDATE `users` SET `updated_at` = '2011-02-05 15:59:41', `last_request_at` = '2011-02-05 15:59:41' WHERE (`users`.`id` = 1)
  [1m[36mSQL (84.7ms)[0m  [1mCOMMIT[0m
Rendered users/new.html.erb within layouts/application (11.9ms)
Completed 200 OK in 167ms (Views: 18.8ms | ActiveRecord: 86.0ms)


Started GET "/posts" for 127.0.0.1 at Sat Feb 05 23:59:46 +0800 2011
  Processing by PostsController#index as HTML
  [1m[35mPost Load (1.5ms)[0m  SELECT title, author, id, content, posted_at FROM `posts` ORDER BY posted_at DESC LIMIT 15
DEPRECATION WARNING: Base.named_scope has been deprecated, please use Base.scope instead. (called from /Users/alex/work/mygems/blogcast/app/models/user.rb:4)
DEPRECATION WARNING: Base.named_scope has been deprecated, please use Base.scope instead. (called from /Users/alex/work/mygems/blogcast/app/models/user.rb:4)
  [1m[36mUser Load (1.3ms)[0m  [1mSELECT `users`.* FROM `users` WHERE (`users`.`id` = 1) LIMIT 1[0m
  [1m[35mCACHE (0.0ms)[0m  SELECT `users`.* FROM `users` WHERE (`users`.`id` = 1) LIMIT 1
  [1m[36mSQL (1.2ms)[0m  [1mBEGIN[0m
DEPRECATION WARNING: save(false) is deprecated, please give save(:validate => false) instead. (called from current_user_session at /Users/alex/work/mygems/blogcast/app/controllers/application_controller.rb:38)
  [1m[35mAREL (0.9ms)[0m  UPDATE `users` SET `last_request_at` = '2011-02-05 15:59:47', `updated_at` = '2011-02-05 15:59:47' WHERE (`users`.`id` = 1)
  [1m[36mSQL (1.3ms)[0m  [1mCOMMIT[0m
  [1m[35mSQL (0.5ms)[0m  SELECT COUNT(*) FROM `comments` WHERE (`comments`.post_id = 1)
  [1m[36mCACHE (0.0ms)[0m  [1mSELECT COUNT(*) FROM `comments` WHERE (`comments`.post_id = 1)[0m
  [1m[35mComment Load (3.4ms)[0m  SELECT `comments`.* FROM `comments` WHERE (`comments`.post_id = 1) ORDER BY created_at DESC LIMIT 1
Rendered posts/_meta.html.erb (34.4ms)
Rendered layouts/_sidebar.html.erb (3.0ms)
Rendered posts/index.html.erb within layouts/application (275.3ms)
Completed 200 OK in 300ms (Views: 274.9ms | ActiveRecord: 10.2ms)


Started POST "/logout" for 127.0.0.1 at Sat Feb 05 23:59:54 +0800 2011
  Processing by UserSessionsController#destroy as HTML
  Parameters: {"authenticity_token"=>"jp8HDced8qVwiEKLC7BbAJHIA1iqgpV7C7DCAVkz+VU="}
DEPRECATION WARNING: Base.named_scope has been deprecated, please use Base.scope instead. (called from /Users/alex/work/mygems/blogcast/app/models/user.rb:4)
DEPRECATION WARNING: Base.named_scope has been deprecated, please use Base.scope instead. (called from /Users/alex/work/mygems/blogcast/app/models/user.rb:4)
  [1m[36mUser Load (1.3ms)[0m  [1mSELECT `users`.* FROM `users` WHERE (`users`.`id` = 1) LIMIT 1[0m
  [1m[35mCACHE (0.0ms)[0m  SELECT `users`.* FROM `users` WHERE (`users`.`id` = 1) LIMIT 1
  [1m[36mSQL (30.1ms)[0m  [1mBEGIN[0m
DEPRECATION WARNING: save(false) is deprecated, please give save(:validate => false) instead. (called from current_user_session at /Users/alex/work/mygems/blogcast/app/controllers/application_controller.rb:38)
  [1m[35mAREL (0.3ms)[0m  UPDATE `users` SET `last_request_at` = '2011-02-05 15:59:54', `updated_at` = '2011-02-05 15:59:54' WHERE (`users`.`id` = 1)
  [1m[36mSQL (5.8ms)[0m  [1mCOMMIT[0m
  [1m[35mUser Load (0.3ms)[0m  SELECT `users`.* FROM `users` WHERE (`users`.`id` = 1) LIMIT 1
  [1m[36mCACHE (0.0ms)[0m  [1mSELECT `users`.* FROM `users` WHERE (`users`.`id` = 1) LIMIT 1[0m
  [1m[35mSQL (0.1ms)[0m  BEGIN
DEPRECATION WARNING: save(false) is deprecated, please give save(:validate => false) instead. (called from destroy at /Users/alex/work/mygems/blogcast/app/controllers/user_sessions_controller.rb:22)
  [1m[36mAREL (0.4ms)[0m  [1mUPDATE `users` SET `last_request_at` = '2011-02-05 15:59:54', `updated_at` = '2011-02-05 15:59:54' WHERE (`users`.`id` = 1)[0m
  [1m[35mSQL (0.9ms)[0m  COMMIT
Redirected to http://localhost:3100/admin
Completed 302 Found in 117ms


Started GET "/admin" for 127.0.0.1 at Sat Feb 05 23:59:54 +0800 2011
  Processing by UserSessionsController#new as HTML
DEPRECATION WARNING: Base.named_scope has been deprecated, please use Base.scope instead. (called from /Users/alex/work/mygems/blogcast/app/models/user.rb:4)
DEPRECATION WARNING: Base.named_scope has been deprecated, please use Base.scope instead. (called from /Users/alex/work/mygems/blogcast/app/models/user.rb:4)
Rendered user_sessions/new.html.erb (4.2ms)
Completed 200 OK in 210ms (Views: 9.6ms | ActiveRecord: 39.3ms)


Started GET "/" for 127.0.0.1 at Sat Feb 05 23:59:59 +0800 2011
  Processing by PostsController#index as HTML
  [1m[36mPost Load (0.5ms)[0m  [1mSELECT title, author, id, content, posted_at FROM `posts` ORDER BY posted_at DESC LIMIT 15[0m
DEPRECATION WARNING: Base.named_scope has been deprecated, please use Base.scope instead. (called from /Users/alex/work/mygems/blogcast/app/models/user.rb:4)
DEPRECATION WARNING: Base.named_scope has been deprecated, please use Base.scope instead. (called from /Users/alex/work/mygems/blogcast/app/models/user.rb:4)
  [1m[35mSQL (5.3ms)[0m  SELECT COUNT(*) FROM `comments` WHERE (`comments`.post_id = 1)
  [1m[36mCACHE (0.0ms)[0m  [1mSELECT COUNT(*) FROM `comments` WHERE (`comments`.post_id = 1)[0m
  [1m[35mComment Load (1.8ms)[0m  SELECT `comments`.* FROM `comments` WHERE (`comments`.post_id = 1) ORDER BY created_at DESC LIMIT 1
Rendered posts/_meta.html.erb (46.1ms)
Rendered layouts/_sidebar.html.erb (2.4ms)
Rendered posts/index.html.erb within layouts/application (118.2ms)
Completed 200 OK in 144ms (Views: 119.6ms | ActiveRecord: 7.6ms)


Started GET "/sitemap" for 127.0.0.1 at Sun Feb 06 00:01:15 +0800 2011
  Processing by SitemapController#index as HTML
  [1m[36mPost Load (10.6ms)[0m  [1mSELECT title, id, updated_at FROM `posts` ORDER BY updated_at DESC LIMIT 50000[0m
Completed 406 Not Acceptable in 24ms


Started GET "/admin" for 127.0.0.1 at Sun Feb 06 00:03:27 +0800 2011
  Processing by UserSessionsController#new as HTML
DEPRECATION WARNING: Base.named_scope has been deprecated, please use Base.scope instead. (called from /Users/alex/work/mygems/blogcast/app/models/user.rb:4)
DEPRECATION WARNING: Base.named_scope has been deprecated, please use Base.scope instead. (called from /Users/alex/work/mygems/blogcast/app/models/user.rb:4)
Rendered user_sessions/new.html.erb (2.5ms)
Completed 200 OK in 53ms (Views: 6.9ms | ActiveRecord: 0.0ms)


Started POST "/user_sessions" for 127.0.0.1 at Sun Feb 06 00:03:30 +0800 2011
  Processing by UserSessionsController#create as HTML
  Parameters: {"commit"=>"Login", "user_session"=>{"password"=>"[FILTERED]", "login"=>"admin"}, "authenticity_token"=>"jp8HDced8qVwiEKLC7BbAJHIA1iqgpV7C7DCAVkz+VU=", "utf8"=>"✓"}
DEPRECATION WARNING: Base.named_scope has been deprecated, please use Base.scope instead. (called from /Users/alex/work/mygems/blogcast/app/models/user.rb:4)
DEPRECATION WARNING: Base.named_scope has been deprecated, please use Base.scope instead. (called from /Users/alex/work/mygems/blogcast/app/models/user.rb:4)
  [1m[35mUser Load (0.3ms)[0m  SELECT `users`.* FROM `users` WHERE (`users`.`login` = 'admin') LIMIT 1
  [1m[36mSQL (1.7ms)[0m  [1mBEGIN[0m
DEPRECATION WARNING: save(false) is deprecated, please give save(:validate => false) instead. (called from create at /Users/alex/work/mygems/blogcast/app/controllers/user_sessions_controller.rb:13)
  [1m[35mAREL (6.0ms)[0m  UPDATE `users` SET `current_login_at` = '2011-02-05 16:03:30', `last_request_at` = '2011-02-05 16:03:30', `updated_at` = '2011-02-05 16:03:30', `last_login_at` = '2011-02-05 15:59:23', `login_count` = 3 WHERE (`users`.`id` = 1)
  [1m[36mSQL (46.1ms)[0m  [1mCOMMIT[0m
Redirected to http://localhost:3100/
Completed 302 Found in 118ms


Started GET "/" for 127.0.0.1 at Sun Feb 06 00:03:30 +0800 2011
  Processing by PostsController#index as HTML
  [1m[35mPost Load (0.4ms)[0m  SELECT title, author, id, content, posted_at FROM `posts` ORDER BY posted_at DESC LIMIT 15
DEPRECATION WARNING: Base.named_scope has been deprecated, please use Base.scope instead. (called from /Users/alex/work/mygems/blogcast/app/models/user.rb:4)
DEPRECATION WARNING: Base.named_scope has been deprecated, please use Base.scope instead. (called from /Users/alex/work/mygems/blogcast/app/models/user.rb:4)
  [1m[36mUser Load (0.7ms)[0m  [1mSELECT `users`.* FROM `users` WHERE (`users`.`id` = 1) LIMIT 1[0m
  [1m[35mCACHE (0.0ms)[0m  SELECT `users`.* FROM `users` WHERE (`users`.`id` = 1) LIMIT 1
  [1m[36mSQL (10.2ms)[0m  [1mBEGIN[0m
DEPRECATION WARNING: save(false) is deprecated, please give save(:validate => false) instead. (called from current_user_session at /Users/alex/work/mygems/blogcast/app/controllers/application_controller.rb:38)
  [1m[35mAREL (75.4ms)[0m  UPDATE `users` SET `last_request_at` = '2011-02-05 16:03:31', `updated_at` = '2011-02-05 16:03:31' WHERE (`users`.`id` = 1)
  [1m[36mSQL (1.5ms)[0m  [1mCOMMIT[0m
  [1m[35mSQL (0.3ms)[0m  SELECT COUNT(*) FROM `comments` WHERE (`comments`.post_id = 1)
  [1m[36mCACHE (0.0ms)[0m  [1mSELECT COUNT(*) FROM `comments` WHERE (`comments`.post_id = 1)[0m
  [1m[35mComment Load (0.4ms)[0m  SELECT `comments`.* FROM `comments` WHERE (`comments`.post_id = 1) ORDER BY created_at DESC LIMIT 1
Rendered posts/_meta.html.erb (29.8ms)
Rendered layouts/_sidebar.html.erb (1.0ms)
Rendered posts/index.html.erb within layouts/application (382.7ms)
Completed 200 OK in 408ms (Views: 303.5ms | ActiveRecord: 143.0ms)


Started GET "/posts/new" for 127.0.0.1 at Sun Feb 06 00:03:34 +0800 2011
  Processing by PostsController#new as HTML
DEPRECATION WARNING: Base.named_scope has been deprecated, please use Base.scope instead. (called from /Users/alex/work/mygems/blogcast/app/models/user.rb:4)
DEPRECATION WARNING: Base.named_scope has been deprecated, please use Base.scope instead. (called from /Users/alex/work/mygems/blogcast/app/models/user.rb:4)
  [1m[36mUser Load (0.8ms)[0m  [1mSELECT `users`.* FROM `users` WHERE (`users`.`id` = 1) LIMIT 1[0m
  [1m[35mCACHE (0.0ms)[0m  SELECT `users`.* FROM `users` WHERE (`users`.`id` = 1) LIMIT 1
  [1m[36mSQL (0.5ms)[0m  [1mBEGIN[0m
DEPRECATION WARNING: save(false) is deprecated, please give save(:validate => false) instead. (called from current_user_session at /Users/alex/work/mygems/blogcast/app/controllers/application_controller.rb:38)
  [1m[35mAREL (2.0ms)[0m  UPDATE `users` SET `last_request_at` = '2011-02-05 16:03:34', `updated_at` = '2011-02-05 16:03:34' WHERE (`users`.`id` = 1)
  [1m[36mSQL (29.5ms)[0m  [1mCOMMIT[0m
Rendered posts/new.html.erb within layouts/application (135.1ms)
Completed 200 OK in 282ms (Views: 142.1ms | ActiveRecord: 32.8ms)


Started POST "/posts" for 127.0.0.1 at Sun Feb 06 00:04:08 +0800 2011
  Processing by PostsController#create as HTML
  Parameters: {"post"=>{"title"=>"test2", "markdown"=>"test2\r\n\r\ntest2> test2test2\r\n\r\ntest2"}, "authenticity_token"=>"jp8HDced8qVwiEKLC7BbAJHIA1iqgpV7C7DCAVkz+VU=", "utf8"=>"✓", "save_post"=>"Share your post with the world"}
DEPRECATION WARNING: Base.named_scope has been deprecated, please use Base.scope instead. (called from /Users/alex/work/mygems/blogcast/app/models/user.rb:4)
DEPRECATION WARNING: Base.named_scope has been deprecated, please use Base.scope instead. (called from /Users/alex/work/mygems/blogcast/app/models/user.rb:4)
  [1m[35mUser Load (1.0ms)[0m  SELECT `users`.* FROM `users` WHERE (`users`.`id` = 1) LIMIT 1
  [1m[36mCACHE (0.0ms)[0m  [1mSELECT `users`.* FROM `users` WHERE (`users`.`id` = 1) LIMIT 1[0m
  [1m[35mSQL (0.1ms)[0m  BEGIN
DEPRECATION WARNING: save(false) is deprecated, please give save(:validate => false) instead. (called from current_user_session at /Users/alex/work/mygems/blogcast/app/controllers/application_controller.rb:38)
  [1m[36mAREL (10.1ms)[0m  [1mUPDATE `users` SET `updated_at` = '2011-02-05 16:04:08', `last_request_at` = '2011-02-05 16:04:08' WHERE (`users`.`id` = 1)[0m
  [1m[35mSQL (4.7ms)[0m  COMMIT
  [1m[36mSQL (2.3ms)[0m  [1mBEGIN[0m
  [1m[35mSQL (1.7ms)[0m  describe `posts`
  [1m[36mAREL (3.8ms)[0m  [1mINSERT INTO `posts` (`posted_at`, `author`, `created_at`, `updated_at`, `content`, `commentable`, `markdown`, `title`) VALUES ('2011-02-05 16:04:08', 'admin', '2011-02-05 16:04:08', '2011-02-05 16:04:08', '<p>test2</p>\n\n<p>test2> test2test2</p>\n\n<p>test2</p>', 1, 'test2\r\n\r\ntest2> test2test2\r\n\r\ntest2', 'test2')[0m
  [1m[35mSQL (1.1ms)[0m  COMMIT
Redirected to http://localhost:3100/posts/2-test2
Completed 302 Found in 179ms


Started GET "/posts/2-test2" for 127.0.0.1 at Sun Feb 06 00:04:08 +0800 2011
  Processing by PostsController#show as HTML
  Parameters: {"id"=>"2-test2"}
  [1m[36mPost Load (1.6ms)[0m  [1mSELECT `posts`.* FROM `posts` WHERE (`posts`.`id` = 2) LIMIT 1[0m
DEPRECATION WARNING: Base.named_scope has been deprecated, please use Base.scope instead. (called from /Users/alex/work/mygems/blogcast/app/models/user.rb:4)
DEPRECATION WARNING: Base.named_scope has been deprecated, please use Base.scope instead. (called from /Users/alex/work/mygems/blogcast/app/models/user.rb:4)
  [1m[35mUser Load (0.4ms)[0m  SELECT `users`.* FROM `users` WHERE (`users`.`id` = 1) LIMIT 1
  [1m[36mCACHE (0.0ms)[0m  [1mSELECT `users`.* FROM `users` WHERE (`users`.`id` = 1) LIMIT 1[0m
  [1m[35mSQL (15.2ms)[0m  BEGIN
DEPRECATION WARNING: save(false) is deprecated, please give save(:validate => false) instead. (called from current_user_session at /Users/alex/work/mygems/blogcast/app/controllers/application_controller.rb:38)
  [1m[36mAREL (42.0ms)[0m  [1mUPDATE `users` SET `updated_at` = '2011-02-05 16:04:09', `last_request_at` = '2011-02-05 16:04:09' WHERE (`users`.`id` = 1)[0m
  [1m[35mSQL (25.9ms)[0m  COMMIT
  [1m[36mSQL (0.4ms)[0m  [1mSELECT COUNT(*) FROM `comments` WHERE (`comments`.post_id = 2)[0m
Rendered posts/_meta.html.erb (2.7ms)
  [1m[35mCACHE (0.0ms)[0m  SELECT COUNT(*) FROM `comments` WHERE (`comments`.post_id = 2)
Rendered layouts/_sidebar.html.erb (2.9ms)
Rendered posts/show.html.erb within layouts/application (371.8ms)
Completed 200 OK in 453ms (Views: 297.4ms | ActiveRecord: 110.4ms)


Started GET "/posts/2-test2/edit" for 127.0.0.1 at Sun Feb 06 00:04:13 +0800 2011
  Processing by PostsController#edit as HTML
  Parameters: {"id"=>"2-test2"}
DEPRECATION WARNING: Base.named_scope has been deprecated, please use Base.scope instead. (called from /Users/alex/work/mygems/blogcast/app/models/user.rb:4)
DEPRECATION WARNING: Base.named_scope has been deprecated, please use Base.scope instead. (called from /Users/alex/work/mygems/blogcast/app/models/user.rb:4)
  [1m[36mUser Load (2.3ms)[0m  [1mSELECT `users`.* FROM `users` WHERE (`users`.`id` = 1) LIMIT 1[0m
  [1m[35mCACHE (0.0ms)[0m  SELECT `users`.* FROM `users` WHERE (`users`.`id` = 1) LIMIT 1
  [1m[36mSQL (1.0ms)[0m  [1mBEGIN[0m
DEPRECATION WARNING: save(false) is deprecated, please give save(:validate => false) instead. (called from current_user_session at /Users/alex/work/mygems/blogcast/app/controllers/application_controller.rb:38)
  [1m[35mAREL (1.2ms)[0m  UPDATE `users` SET `last_request_at` = '2011-02-05 16:04:13', `updated_at` = '2011-02-05 16:04:13' WHERE (`users`.`id` = 1)
  [1m[36mSQL (12.7ms)[0m  [1mCOMMIT[0m
  [1m[35mPost Load (0.4ms)[0m  SELECT `posts`.* FROM `posts` WHERE (`posts`.`id` = 2) LIMIT 1
  [1m[36mSQL (0.3ms)[0m  [1mSELECT COUNT(*) FROM `comments` WHERE (`comments`.post_id = 2)[0m
Rendered posts/edit.html.erb within layouts/application (43.5ms)
Completed 200 OK in 151ms (Views: 53.6ms | ActiveRecord: 17.8ms)


Started POST "/posts/2-test2" for 127.0.0.1 at Sun Feb 06 00:06:17 +0800 2011
  Processing by PostsController#update as HTML
  Parameters: {"commit"=>"Update post", "post"=>{"title"=>"test2", "markdown"=>"<blockquote>\r\ntest2\r\n</blockquote>"}, "authenticity_token"=>"jp8HDced8qVwiEKLC7BbAJHIA1iqgpV7C7DCAVkz+VU=", "utf8"=>"✓", "id"=>"2-test2"}
DEPRECATION WARNING: Base.named_scope has been deprecated, please use Base.scope instead. (called from /Users/alex/work/mygems/blogcast/app/models/user.rb:4)
DEPRECATION WARNING: Base.named_scope has been deprecated, please use Base.scope instead. (called from /Users/alex/work/mygems/blogcast/app/models/user.rb:4)
  [1m[35mUser Load (0.4ms)[0m  SELECT `users`.* FROM `users` WHERE (`users`.`id` = 1) LIMIT 1
  [1m[36mCACHE (0.0ms)[0m  [1mSELECT `users`.* FROM `users` WHERE (`users`.`id` = 1) LIMIT 1[0m
  [1m[35mSQL (0.1ms)[0m  BEGIN
DEPRECATION WARNING: save(false) is deprecated, please give save(:validate => false) instead. (called from current_user_session at /Users/alex/work/mygems/blogcast/app/controllers/application_controller.rb:38)
  [1m[36mAREL (0.4ms)[0m  [1mUPDATE `users` SET `updated_at` = '2011-02-05 16:06:17', `last_request_at` = '2011-02-05 16:06:17' WHERE (`users`.`id` = 1)[0m
  [1m[35mSQL (3.8ms)[0m  COMMIT
  [1m[36mPost Load (0.3ms)[0m  [1mSELECT `posts`.* FROM `posts` WHERE (`posts`.`id` = 2) LIMIT 1[0m
  [1m[35mSQL (0.2ms)[0m  BEGIN
  [1m[36mAREL (41.3ms)[0m  [1mUPDATE `posts` SET `markdown` = '<blockquote>\r\ntest2\r\n</blockquote>', `content` = '<blockquote>\ntest2\n</blockquote>\n', `updated_at` = '2011-02-05 16:06:17' WHERE (`posts`.`id` = 2)[0m
  [1m[35mSQL (16.6ms)[0m  COMMIT
Redirected to http://localhost:3100/posts/2-test2
Completed 302 Found in 170ms


Started GET "/posts/2-test2" for 127.0.0.1 at Sun Feb 06 00:06:17 +0800 2011
  Processing by PostsController#show as HTML
  Parameters: {"id"=>"2-test2"}
  [1m[36mPost Load (0.5ms)[0m  [1mSELECT `posts`.* FROM `posts` WHERE (`posts`.`id` = 2) LIMIT 1[0m
DEPRECATION WARNING: Base.named_scope has been deprecated, please use Base.scope instead. (called from /Users/alex/work/mygems/blogcast/app/models/user.rb:4)
DEPRECATION WARNING: Base.named_scope has been deprecated, please use Base.scope instead. (called from /Users/alex/work/mygems/blogcast/app/models/user.rb:4)
  [1m[35mUser Load (2.8ms)[0m  SELECT `users`.* FROM `users` WHERE (`users`.`id` = 1) LIMIT 1
  [1m[36mCACHE (0.0ms)[0m  [1mSELECT `users`.* FROM `users` WHERE (`users`.`id` = 1) LIMIT 1[0m
  [1m[35mSQL (2.2ms)[0m  BEGIN
DEPRECATION WARNING: save(false) is deprecated, please give save(:validate => false) instead. (called from current_user_session at /Users/alex/work/mygems/blogcast/app/controllers/application_controller.rb:38)
  [1m[36mAREL (0.3ms)[0m  [1mUPDATE `users` SET `updated_at` = '2011-02-05 16:06:18', `last_request_at` = '2011-02-05 16:06:18' WHERE (`users`.`id` = 1)[0m
  [1m[35mSQL (3.5ms)[0m  COMMIT
  [1m[36mSQL (54.7ms)[0m  [1mSELECT COUNT(*) FROM `comments` WHERE (`comments`.post_id = 2)[0m
Rendered posts/_meta.html.erb (57.3ms)
  [1m[35mCACHE (0.0ms)[0m  SELECT COUNT(*) FROM `comments` WHERE (`comments`.post_id = 2)
Rendered layouts/_sidebar.html.erb (1.1ms)
Rendered posts/show.html.erb within layouts/application (339.8ms)
Completed 200 OK in 457ms (Views: 283.9ms | ActiveRecord: 127.2ms)


Started GET "/posts/2-test2/edit" for 127.0.0.1 at Sun Feb 06 00:06:23 +0800 2011
  Processing by PostsController#edit as HTML
  Parameters: {"id"=>"2-test2"}
DEPRECATION WARNING: Base.named_scope has been deprecated, please use Base.scope instead. (called from /Users/alex/work/mygems/blogcast/app/models/user.rb:4)
DEPRECATION WARNING: Base.named_scope has been deprecated, please use Base.scope instead. (called from /Users/alex/work/mygems/blogcast/app/models/user.rb:4)
  [1m[36mUser Load (1.9ms)[0m  [1mSELECT `users`.* FROM `users` WHERE (`users`.`id` = 1) LIMIT 1[0m
  [1m[35mCACHE (0.0ms)[0m  SELECT `users`.* FROM `users` WHERE (`users`.`id` = 1) LIMIT 1
  [1m[36mSQL (1.6ms)[0m  [1mBEGIN[0m
DEPRECATION WARNING: save(false) is deprecated, please give save(:validate => false) instead. (called from current_user_session at /Users/alex/work/mygems/blogcast/app/controllers/application_controller.rb:38)
  [1m[35mAREL (1.1ms)[0m  UPDATE `users` SET `updated_at` = '2011-02-05 16:06:23', `last_request_at` = '2011-02-05 16:06:23' WHERE (`users`.`id` = 1)
  [1m[36mSQL (1.6ms)[0m  [1mCOMMIT[0m
  [1m[35mPost Load (5.7ms)[0m  SELECT `posts`.* FROM `posts` WHERE (`posts`.`id` = 2) LIMIT 1
  [1m[36mSQL (0.3ms)[0m  [1mSELECT COUNT(*) FROM `comments` WHERE (`comments`.post_id = 2)[0m
Rendered posts/edit.html.erb within layouts/application (71.0ms)
Completed 200 OK in 199ms (Views: 77.7ms | ActiveRecord: 12.3ms)


Started POST "/posts/2-test2" for 127.0.0.1 at Sun Feb 06 00:07:30 +0800 2011
  Processing by PostsController#update as HTML
  Parameters: {"commit"=>"Update post", "post"=>{"title"=>"test2", "markdown"=>"test\r\n\r\n 1. List item"}, "authenticity_token"=>"jp8HDced8qVwiEKLC7BbAJHIA1iqgpV7C7DCAVkz+VU=", "utf8"=>"✓", "id"=>"2-test2"}
DEPRECATION WARNING: Base.named_scope has been deprecated, please use Base.scope instead. (called from /Users/alex/work/mygems/blogcast/app/models/user.rb:4)
DEPRECATION WARNING: Base.named_scope has been deprecated, please use Base.scope instead. (called from /Users/alex/work/mygems/blogcast/app/models/user.rb:4)
  [1m[35mUser Load (12.9ms)[0m  SELECT `users`.* FROM `users` WHERE (`users`.`id` = 1) LIMIT 1
  [1m[36mCACHE (0.0ms)[0m  [1mSELECT `users`.* FROM `users` WHERE (`users`.`id` = 1) LIMIT 1[0m
  [1m[35mSQL (21.6ms)[0m  BEGIN
DEPRECATION WARNING: save(false) is deprecated, please give save(:validate => false) instead. (called from current_user_session at /Users/alex/work/mygems/blogcast/app/controllers/application_controller.rb:38)
  [1m[36mAREL (4.6ms)[0m  [1mUPDATE `users` SET `updated_at` = '2011-02-05 16:07:30', `last_request_at` = '2011-02-05 16:07:30' WHERE (`users`.`id` = 1)[0m
  [1m[35mSQL (38.4ms)[0m  COMMIT
  [1m[36mPost Load (0.4ms)[0m  [1mSELECT `posts`.* FROM `posts` WHERE (`posts`.`id` = 2) LIMIT 1[0m
  [1m[35mSQL (0.1ms)[0m  BEGIN
  [1m[36mAREL (13.8ms)[0m  [1mUPDATE `posts` SET `markdown` = 'test\r\n\r\n 1. List item', `content` = '<p>test</p>\n\n<ol>\n<li>List item</li>\n</ol>\n', `updated_at` = '2011-02-05 16:07:30' WHERE (`posts`.`id` = 2)[0m
  [1m[35mSQL (46.1ms)[0m  COMMIT
Redirected to http://localhost:3100/posts/2-test2
Completed 302 Found in 407ms


Started GET "/posts/2-test2" for 127.0.0.1 at Sun Feb 06 00:07:30 +0800 2011
  Processing by PostsController#show as HTML
  Parameters: {"id"=>"2-test2"}
  [1m[36mPost Load (0.4ms)[0m  [1mSELECT `posts`.* FROM `posts` WHERE (`posts`.`id` = 2) LIMIT 1[0m
DEPRECATION WARNING: Base.named_scope has been deprecated, please use Base.scope instead. (called from /Users/alex/work/mygems/blogcast/app/models/user.rb:4)
DEPRECATION WARNING: Base.named_scope has been deprecated, please use Base.scope instead. (called from /Users/alex/work/mygems/blogcast/app/models/user.rb:4)
  [1m[35mUser Load (2.6ms)[0m  SELECT `users`.* FROM `users` WHERE (`users`.`id` = 1) LIMIT 1
  [1m[36mCACHE (0.0ms)[0m  [1mSELECT `users`.* FROM `users` WHERE (`users`.`id` = 1) LIMIT 1[0m
  [1m[35mSQL (0.1ms)[0m  BEGIN
DEPRECATION WARNING: save(false) is deprecated, please give save(:validate => false) instead. (called from current_user_session at /Users/alex/work/mygems/blogcast/app/controllers/application_controller.rb:38)
  [1m[36mAREL (0.3ms)[0m  [1mUPDATE `users` SET `updated_at` = '2011-02-05 16:07:31', `last_request_at` = '2011-02-05 16:07:31' WHERE (`users`.`id` = 1)[0m
  [1m[35mSQL (1.3ms)[0m  COMMIT
  [1m[36mSQL (0.4ms)[0m  [1mSELECT COUNT(*) FROM `comments` WHERE (`comments`.post_id = 2)[0m
Rendered posts/_meta.html.erb (3.3ms)
  [1m[35mCACHE (0.0ms)[0m  SELECT COUNT(*) FROM `comments` WHERE (`comments`.post_id = 2)
Rendered layouts/_sidebar.html.erb (0.9ms)
Rendered posts/show.html.erb within layouts/application (139.0ms)
Completed 200 OK in 258ms (Views: 143.2ms | ActiveRecord: 143.0ms)


Started POST "/posts/2-test2/comments" for 127.0.0.1 at Sun Feb 06 00:09:23 +0800 2011
  Processing by CommentsController#create as JS
  Parameters: {"comment"=>{"name"=>"a.d.min", "content"=>"stestsessdf", "website"=>"www.google.com", "email"=>"black@gmail.com"}, "authenticity_token"=>"jp8HDced8qVwiEKLC7BbAJHIA1iqgpV7C7DCAVkz+VU=", "utf8"=>"✓", "post_id"=>"2-test2"}
  [1m[36mPost Load (1.4ms)[0m  [1mSELECT `posts`.* FROM `posts` WHERE (`posts`.`id` = 2) LIMIT 1[0m
DEPRECATION WARNING: Base.named_scope has been deprecated, please use Base.scope instead. (called from /Users/alex/work/mygems/blogcast/app/models/user.rb:4)
DEPRECATION WARNING: Base.named_scope has been deprecated, please use Base.scope instead. (called from /Users/alex/work/mygems/blogcast/app/models/user.rb:4)
  [1m[35mUser Load (4.3ms)[0m  SELECT `users`.* FROM `users` WHERE (`users`.`id` = 1) LIMIT 1
  [1m[36mCACHE (0.0ms)[0m  [1mSELECT `users`.* FROM `users` WHERE (`users`.`id` = 1) LIMIT 1[0m
  [1m[35mSQL (0.2ms)[0m  BEGIN
DEPRECATION WARNING: save(false) is deprecated, please give save(:validate => false) instead. (called from current_user_session at /Users/alex/work/mygems/blogcast/app/controllers/application_controller.rb:38)
  [1m[36mAREL (0.4ms)[0m  [1mUPDATE `users` SET `updated_at` = '2011-02-05 16:09:23', `last_request_at` = '2011-02-05 16:09:23' WHERE (`users`.`id` = 1)[0m
  [1m[35mSQL (1.4ms)[0m  COMMIT
  [1m[36mSQL (0.1ms)[0m  [1mBEGIN[0m
  [1m[35mSQL (2.6ms)[0m  describe `comments`
  [1m[36mAREL (0.7ms)[0m  [1mINSERT INTO `comments` (`user_ip`, `email`, `comment_type`, `post_id`, `name`, `content`, `referrer`, `website`, `admin`, `updated_at`, `created_at`, `user_agent`, `permalink`) VALUES ('127.0.0.1', 'black@gmail.com', 'comment', 2, 'a.d.min', 'stestsessdf', 'http://localhost:3100/posts/2-test2', 'www.google.com', 1, '2011-02-05 16:09:23', '2011-02-05 16:09:23', 'Mozilla/5.0 (Macintosh; U; Intel Mac OS X 10_5_8; en-US) AppleWebKit/534.10 (KHTML, like Gecko) Chrome/8.0.552.237 Safari/534.10', 'http://localhost:3100/posts/2-test2')[0m
  [1m[35mSQL (0.8ms)[0m  COMMIT
  [1m[36mSQL (0.5ms)[0m  [1mSELECT COUNT(*) FROM `comments` WHERE (`comments`.post_id = 2)[0m
  [1m[35mCACHE (0.0ms)[0m  SELECT COUNT(*) FROM `comments` WHERE (`comments`.post_id = 2)
  [1m[36mComment Load (4.1ms)[0m  [1mSELECT `comments`.* FROM `comments` WHERE (`comments`.post_id = 2) ORDER BY created_at DESC LIMIT 1[0m
Rendered posts/_meta.html.erb (8.5ms)
  [1m[35mCACHE (0.0ms)[0m  SELECT COUNT(*) FROM `comments` WHERE (`comments`.post_id = 2)
Rendered comments/_comment.html.erb (5.0ms)
Rendered comments/create.js.erb (21.7ms)
Completed 200 OK in 183ms (Views: 21.5ms | ActiveRecord: 16.4ms)


Started POST "/posts/2-test2" for 127.0.0.1 at Sun Feb 06 00:09:38 +0800 2011
  Processing by PostsController#destroy as HTML
  Parameters: {"authenticity_token"=>"jp8HDced8qVwiEKLC7BbAJHIA1iqgpV7C7DCAVkz+VU=", "id"=>"2-test2"}
DEPRECATION WARNING: Base.named_scope has been deprecated, please use Base.scope instead. (called from /Users/alex/work/mygems/blogcast/app/models/user.rb:4)
DEPRECATION WARNING: Base.named_scope has been deprecated, please use Base.scope instead. (called from /Users/alex/work/mygems/blogcast/app/models/user.rb:4)
  [1m[36mUser Load (29.4ms)[0m  [1mSELECT `users`.* FROM `users` WHERE (`users`.`id` = 1) LIMIT 1[0m
  [1m[35mCACHE (0.0ms)[0m  SELECT `users`.* FROM `users` WHERE (`users`.`id` = 1) LIMIT 1
  [1m[36mSQL (0.5ms)[0m  [1mBEGIN[0m
DEPRECATION WARNING: save(false) is deprecated, please give save(:validate => false) instead. (called from current_user_session at /Users/alex/work/mygems/blogcast/app/controllers/application_controller.rb:38)
  [1m[35mAREL (0.5ms)[0m  UPDATE `users` SET `updated_at` = '2011-02-05 16:09:39', `last_request_at` = '2011-02-05 16:09:39' WHERE (`users`.`id` = 1)
  [1m[36mSQL (1.4ms)[0m  [1mCOMMIT[0m
  [1m[35mPost Load (0.4ms)[0m  SELECT `posts`.* FROM `posts` WHERE (`posts`.`id` = 2) LIMIT 1
  [1m[36mSQL (0.1ms)[0m  [1mBEGIN[0m
  [1m[35mComment Load (18.9ms)[0m  SELECT `comments`.* FROM `comments` WHERE (`comments`.post_id = 2)
  [1m[36mAREL (2.7ms)[0m  [1mDELETE FROM `comments` WHERE (`comments`.`id` = 4)[0m
  [1m[35mSpam Load (1.7ms)[0m  SELECT `spams`.* FROM `spams` WHERE (`spams`.post_id = 2)
  [1m[36mAREL (3.6ms)[0m  [1mDELETE FROM `posts` WHERE (`posts`.`id` = 2)[0m
  [1m[35mSQL (27.0ms)[0m  COMMIT
Redirected to http://localhost:3100/posts
Completed 302 Found in 382ms


Started GET "/posts" for 127.0.0.1 at Sun Feb 06 00:09:39 +0800 2011
  Processing by PostsController#index as HTML
  [1m[36mPost Load (45.6ms)[0m  [1mSELECT title, author, id, content, posted_at FROM `posts` ORDER BY posted_at DESC LIMIT 15[0m
DEPRECATION WARNING: Base.named_scope has been deprecated, please use Base.scope instead. (called from /Users/alex/work/mygems/blogcast/app/models/user.rb:4)
DEPRECATION WARNING: Base.named_scope has been deprecated, please use Base.scope instead. (called from /Users/alex/work/mygems/blogcast/app/models/user.rb:4)
  [1m[35mUser Load (0.3ms)[0m  SELECT `users`.* FROM `users` WHERE (`users`.`id` = 1) LIMIT 1
  [1m[36mCACHE (0.0ms)[0m  [1mSELECT `users`.* FROM `users` WHERE (`users`.`id` = 1) LIMIT 1[0m
  [1m[35mSQL (30.0ms)[0m  BEGIN
DEPRECATION WARNING: save(false) is deprecated, please give save(:validate => false) instead. (called from current_user_session at /Users/alex/work/mygems/blogcast/app/controllers/application_controller.rb:38)
  [1m[36mAREL (0.8ms)[0m  [1mUPDATE `users` SET `last_request_at` = '2011-02-05 16:09:39', `updated_at` = '2011-02-05 16:09:39' WHERE (`users`.`id` = 1)[0m
  [1m[35mSQL (12.0ms)[0m  COMMIT
  [1m[36mSQL (2.5ms)[0m  [1mSELECT COUNT(*) FROM `comments` WHERE (`comments`.post_id = 1)[0m
  [1m[35mCACHE (0.0ms)[0m  SELECT COUNT(*) FROM `comments` WHERE (`comments`.post_id = 1)
  [1m[36mComment Load (0.4ms)[0m  [1mSELECT `comments`.* FROM `comments` WHERE (`comments`.post_id = 1) ORDER BY created_at DESC LIMIT 1[0m
Rendered posts/_meta.html.erb (195.9ms)
Rendered layouts/_sidebar.html.erb (3.1ms)
Rendered posts/index.html.erb within layouts/application (344.7ms)
Completed 200 OK in 412ms (Views: 307.0ms | ActiveRecord: 177.7ms)


Started POST "/logout" for 127.0.0.1 at Sun Feb 06 00:09:45 +0800 2011
  Processing by UserSessionsController#destroy as HTML
  Parameters: {"authenticity_token"=>"jp8HDced8qVwiEKLC7BbAJHIA1iqgpV7C7DCAVkz+VU="}
DEPRECATION WARNING: Base.named_scope has been deprecated, please use Base.scope instead. (called from /Users/alex/work/mygems/blogcast/app/models/user.rb:4)
DEPRECATION WARNING: Base.named_scope has been deprecated, please use Base.scope instead. (called from /Users/alex/work/mygems/blogcast/app/models/user.rb:4)
  [1m[35mUser Load (0.3ms)[0m  SELECT `users`.* FROM `users` WHERE (`users`.`id` = 1) LIMIT 1
  [1m[36mCACHE (0.0ms)[0m  [1mSELECT `users`.* FROM `users` WHERE (`users`.`id` = 1) LIMIT 1[0m
  [1m[35mSQL (0.1ms)[0m  BEGIN
DEPRECATION WARNING: save(false) is deprecated, please give save(:validate => false) instead. (called from current_user_session at /Users/alex/work/mygems/blogcast/app/controllers/application_controller.rb:38)
  [1m[36mAREL (0.3ms)[0m  [1mUPDATE `users` SET `last_request_at` = '2011-02-05 16:09:45', `updated_at` = '2011-02-05 16:09:45' WHERE (`users`.`id` = 1)[0m
  [1m[35mSQL (38.6ms)[0m  COMMIT
  [1m[36mUser Load (0.4ms)[0m  [1mSELECT `users`.* FROM `users` WHERE (`users`.`id` = 1) LIMIT 1[0m
  [1m[35mCACHE (0.0ms)[0m  SELECT `users`.* FROM `users` WHERE (`users`.`id` = 1) LIMIT 1
  [1m[36mSQL (0.1ms)[0m  [1mBEGIN[0m
DEPRECATION WARNING: save(false) is deprecated, please give save(:validate => false) instead. (called from destroy at /Users/alex/work/mygems/blogcast/app/controllers/user_sessions_controller.rb:22)
  [1m[35mAREL (14.5ms)[0m  UPDATE `users` SET `last_request_at` = '2011-02-05 16:09:45', `updated_at` = '2011-02-05 16:09:45' WHERE (`users`.`id` = 1)
  [1m[36mSQL (3.8ms)[0m  [1mCOMMIT[0m
Redirected to http://localhost:3100/admin
Completed 302 Found in 139ms


Started GET "/admin" for 127.0.0.1 at Sun Feb 06 00:09:46 +0800 2011
  Processing by UserSessionsController#new as HTML
DEPRECATION WARNING: Base.named_scope has been deprecated, please use Base.scope instead. (called from /Users/alex/work/mygems/blogcast/app/models/user.rb:4)
DEPRECATION WARNING: Base.named_scope has been deprecated, please use Base.scope instead. (called from /Users/alex/work/mygems/blogcast/app/models/user.rb:4)
Rendered user_sessions/new.html.erb (2.9ms)
Completed 200 OK in 56ms (Views: 7.1ms | ActiveRecord: 58.2ms)


Started GET "/" for 127.0.0.1 at Sun Feb 06 00:09:52 +0800 2011
  Processing by PostsController#index as HTML
  [1m[35mPost Load (0.7ms)[0m  SELECT title, author, id, content, posted_at FROM `posts` ORDER BY posted_at DESC LIMIT 15
DEPRECATION WARNING: Base.named_scope has been deprecated, please use Base.scope instead. (called from /Users/alex/work/mygems/blogcast/app/models/user.rb:4)
DEPRECATION WARNING: Base.named_scope has been deprecated, please use Base.scope instead. (called from /Users/alex/work/mygems/blogcast/app/models/user.rb:4)
  [1m[36mSQL (0.3ms)[0m  [1mSELECT COUNT(*) FROM `comments` WHERE (`comments`.post_id = 1)[0m
  [1m[35mCACHE (0.0ms)[0m  SELECT COUNT(*) FROM `comments` WHERE (`comments`.post_id = 1)
  [1m[36mComment Load (0.4ms)[0m  [1mSELECT `comments`.* FROM `comments` WHERE (`comments`.post_id = 1) ORDER BY created_at DESC LIMIT 1[0m
Rendered posts/_meta.html.erb (37.7ms)
Rendered layouts/_sidebar.html.erb (1.8ms)
Rendered posts/index.html.erb within layouts/application (150.5ms)
Completed 200 OK in 174ms (Views: 155.9ms | ActiveRecord: 1.5ms)


Started GET "/posts/1-first-article" for 127.0.0.1 at Sun Feb 06 00:09:57 +0800 2011
  Processing by PostsController#show as HTML
  Parameters: {"id"=>"1-first-article"}
  [1m[35mPost Load (2.4ms)[0m  SELECT `posts`.* FROM `posts` WHERE (`posts`.`id` = 1) LIMIT 1
DEPRECATION WARNING: Base.named_scope has been deprecated, please use Base.scope instead. (called from /Users/alex/work/mygems/blogcast/app/models/user.rb:4)
DEPRECATION WARNING: Base.named_scope has been deprecated, please use Base.scope instead. (called from /Users/alex/work/mygems/blogcast/app/models/user.rb:4)
  [1m[36mSQL (0.3ms)[0m  [1mSELECT COUNT(*) FROM `comments` WHERE (`comments`.post_id = 1)[0m
  [1m[35mCACHE (0.0ms)[0m  SELECT COUNT(*) FROM `comments` WHERE (`comments`.post_id = 1)
  [1m[36mComment Load (4.9ms)[0m  [1mSELECT `comments`.* FROM `comments` WHERE (`comments`.post_id = 1) ORDER BY created_at DESC LIMIT 1[0m
Rendered posts/_meta.html.erb (12.4ms)
  [1m[35mCACHE (0.0ms)[0m  SELECT COUNT(*) FROM `comments` WHERE (`comments`.post_id = 1)
  [1m[36mCACHE (0.0ms)[0m  [1mSELECT COUNT(*) FROM `comments` WHERE (`comments`.post_id = 1)[0m
  [1m[35mComment Load (0.4ms)[0m  SELECT `comments`.* FROM `comments` WHERE (`comments`.post_id = 1) ORDER BY created_at ASC
Rendered comments/_comment.html.erb (2.3ms)
Rendered comments/_comment.html.erb (1.5ms)
Rendered layouts/_sidebar.html.erb (1.2ms)
Rendered posts/show.html.erb within layouts/application (244.4ms)
Completed 200 OK in 314ms (Views: 245.8ms | ActiveRecord: 8.1ms)
